<?xml version="1.0" encoding="utf-8"?>
<TestRun id="1ab4f1ae-8838-41dd-b10b-4d0f5a967ce6" name="@0fc890f1414e 2025-09-27 18:51:20" xmlns="http://microsoft.com/schemas/VisualStudio/TeamTest/2010">
  <Times creation="2025-09-27T18:51:20.0255474+00:00" queuing="2025-09-27T18:51:20.0255474+00:00" start="2025-09-27T18:51:18.2577770+00:00" finish="2025-09-27T18:51:22.9018173+00:00" />
  <TestSettings name="default" id="464edf16-6d93-4bed-91e0-b0390d0ccb60">
    <Deployment runDeploymentRoot="_0fc890f1414e_2025-09-27_18_51_20" />
  </TestSettings>
  <Results>
    <UnitTestResult executionId="1f5b3689-9df2-4624-a059-8c6906545f80" testId="55c7a3e5-1f51-623b-af41-92add2b6ff9b" testName="UnitTestsBiblioMate.Services.Loans.ReservationServiceTest.DeleteAsync_ShouldReturnFalse_WhenNotExists" computerName="0fc890f1414e" duration="00:00:00.0058852" startTime="2025-09-27T18:51:20.7940029+00:00" endTime="2025-09-27T18:51:20.7940030+00:00" testType="13cdc9d9-ddb5-4fa4-a97d-d965ccfc6d4b" outcome="Passed" testListId="8c84fa94-04c1-424b-9868-57a2d4851a1d" relativeResultsDirectory="1f5b3689-9df2-4624-a059-8c6906545f80" />
    <UnitTestResult executionId="4acee2af-f79c-4918-b508-aae653aa7372" testId="f4d0ebdb-56cb-84c8-1a9f-53cf588610e1" testName="UnitTestsBiblioMate.Helpers.TokenHelperTests.TryGetUserId_NullPrincipal_Throws" computerName="0fc890f1414e" duration="00:00:00.0001294" startTime="2025-09-27T18:51:20.1305550+00:00" endTime="2025-09-27T18:51:20.1305550+00:00" testType="13cdc9d9-ddb5-4fa4-a97d-d965ccfc6d4b" outcome="Passed" testListId="8c84fa94-04c1-424b-9868-57a2d4851a1d" relativeResultsDirectory="4acee2af-f79c-4918-b508-aae653aa7372" />
    <UnitTestResult executionId="2faa0bb2-3192-44ca-be3a-945e1d84ccf2" testId="fda2b82f-a89c-5b6f-e3c0-4a742ec8ca83" testName="UnitTestsBiblioMate.Controllers.EditorsControllerTest.SearchEditors_ShouldReturnOkWithResults" computerName="0fc890f1414e" duration="00:00:00.0024255" startTime="2025-09-27T18:51:20.0270667+00:00" endTime="2025-09-27T18:51:20.0270668+00:00" testType="13cdc9d9-ddb5-4fa4-a97d-d965ccfc6d4b" outcome="Passed" testListId="8c84fa94-04c1-424b-9868-57a2d4851a1d" relativeResultsDirectory="2faa0bb2-3192-44ca-be3a-945e1d84ccf2" />
    <UnitTestResult executionId="3f4849c9-2aa7-4039-9b3f-d6bbab288b58" testId="6e65aad1-c30c-7e02-9dc8-9e26f745388c" testName="UnitTestsBiblioMate.Controllers.EditorsControllerTest.GetEditors_ShouldReturnOkWithEditors" computerName="0fc890f1414e" duration="00:00:00.0022085" startTime="2025-09-27T18:51:20.0344247+00:00" endTime="2025-09-27T18:51:20.0344248+00:00" testType="13cdc9d9-ddb5-4fa4-a97d-d965ccfc6d4b" outcome="Passed" testListId="8c84fa94-04c1-424b-9868-57a2d4851a1d" relativeResultsDirectory="3f4849c9-2aa7-4039-9b3f-d6bbab288b58" />
    <UnitTestResult executionId="bd794b40-044a-4b9d-a0de-1e7f604b9a58" testId="dfab44d7-5fee-7a8b-a351-768e20dad56a" testName="UnitTestsBiblioMate.Services.Catalog.LocationServiceTest.GetFloorsAsync_ReturnsDistinctSortedFloors" computerName="0fc890f1414e" duration="00:00:00.0119347" startTime="2025-09-27T18:51:20.8084333+00:00" endTime="2025-09-27T18:51:20.8084334+00:00" testType="13cdc9d9-ddb5-4fa4-a97d-d965ccfc6d4b" outcome="Passed" testListId="8c84fa94-04c1-424b-9868-57a2d4851a1d" relativeResultsDirectory="bd794b40-044a-4b9d-a0de-1e7f604b9a58" />
    <UnitTestResult executionId="58efff76-6240-48a8-bebf-48d3c5e6cc67" testId="665b2538-f512-7223-e24a-e5a6f2ab9bd1" testName="UnitTestsBiblioMate.Services.Loans.LoanServiceTests.GetAllAsync_ShouldReturnAllLoans" computerName="0fc890f1414e" duration="00:00:00.0043105" startTime="2025-09-27T18:51:21.0607573+00:00" endTime="2025-09-27T18:51:21.0607574+00:00" testType="13cdc9d9-ddb5-4fa4-a97d-d965ccfc6d4b" outcome="Passed" testListId="8c84fa94-04c1-424b-9868-57a2d4851a1d" relativeResultsDirectory="58efff76-6240-48a8-bebf-48d3c5e6cc67" />
    <UnitTestResult executionId="f4143b0f-bd6f-4449-86d1-5828965b4eaf" testId="4cd59f32-f665-3967-3d2b-5ec65c03cc78" testName="UnitTestsBiblioMate.Middlewares.ExceptionHandlingMiddlewareTests.InvokeAsync_ValidationException_Produces400Json" computerName="0fc890f1414e" duration="00:00:00.0014716" startTime="2025-09-27T18:51:21.0316665+00:00" endTime="2025-09-27T18:51:21.0316666+00:00" testType="13cdc9d9-ddb5-4fa4-a97d-d965ccfc6d4b" outcome="Passed" testListId="8c84fa94-04c1-424b-9868-57a2d4851a1d" relativeResultsDirectory="f4143b0f-bd6f-4449-86d1-5828965b4eaf" />
    <UnitTestResult executionId="441d1d44-17e8-4003-9f71-f6c9095b1829" testId="a4f2787b-79d9-dedb-1a43-6acdb53bb197" testName="UnitTestsBiblioMate.Services.Catalog.StockServiceTest.AdjustQuantity_ShouldChangeQuantityAndReflectAvailability(initialQty: 5, adjustment: 3, expectedQty: 8, expectedAvailable: True)" computerName="0fc890f1414e" duration="00:00:00.0001878" startTime="2025-09-27T18:51:20.7183105+00:00" endTime="2025-09-27T18:51:20.7183105+00:00" testType="13cdc9d9-ddb5-4fa4-a97d-d965ccfc6d4b" outcome="Passed" testListId="8c84fa94-04c1-424b-9868-57a2d4851a1d" relativeResultsDirectory="441d1d44-17e8-4003-9f71-f6c9095b1829" />
    <UnitTestResult executionId="6f2e758f-bede-4f0a-b3f9-632d5bac4ef4" testId="8f96e113-5807-df8e-7328-2aa0ccfcc9cc" testName="UnitTestsBiblioMate.Controllers.TagsControllerTest.Ensure_AlreadyExists_ReturnsOk" computerName="0fc890f1414e" duration="00:00:00.0013085" startTime="2025-09-27T18:51:20.0251845+00:00" endTime="2025-09-27T18:51:20.0251845+00:00" testType="13cdc9d9-ddb5-4fa4-a97d-d965ccfc6d4b" outcome="Passed" testListId="8c84fa94-04c1-424b-9868-57a2d4851a1d" relativeResultsDirectory="6f2e758f-bede-4f0a-b3f9-632d5bac4ef4" />
    <UnitTestResult executionId="1af1fad0-934e-4b3c-9288-07f64441c15d" testId="30906e2c-be75-76d5-66fd-787a454695df" testName="UnitTestsBiblioMate.Services.Reports.ReportServiceTest.DeleteAsync_ShouldReturnFalse_WhenNotExists" computerName="0fc890f1414e" duration="00:00:00.6046231" startTime="2025-09-27T18:51:20.6941074+00:00" endTime="2025-09-27T18:51:20.6941074+00:00" testType="13cdc9d9-ddb5-4fa4-a97d-d965ccfc6d4b" outcome="Passed" testListId="8c84fa94-04c1-424b-9868-57a2d4851a1d" relativeResultsDirectory="1af1fad0-934e-4b3c-9288-07f64441c15d" />
    <UnitTestResult executionId="e3666235-99ff-45a2-8b90-04af18fec8dd" testId="1c6dfb33-eb78-60c6-1655-63611c345bb4" testName="UnitTestsBiblioMate.Helpers.PagedResultTests.Create_NegativeTotalCount_Throws" computerName="0fc890f1414e" duration="00:00:00.0001685" startTime="2025-09-27T18:51:20.1296148+00:00" endTime="2025-09-27T18:51:20.1296148+00:00" testType="13cdc9d9-ddb5-4fa4-a97d-d965ccfc6d4b" outcome="Passed" testListId="8c84fa94-04c1-424b-9868-57a2d4851a1d" relativeResultsDirectory="e3666235-99ff-45a2-8b90-04af18fec8dd" />
    <UnitTestResult executionId="92c39d61-04d7-4e83-bdd9-ca1b08e917fc" testId="860ce2f8-eb95-cef3-001f-f9f4126887a3" testName="UnitTestsBiblioMate.Controllers.ReportsControllerTest.CreateReport_ReturnsCreated" computerName="0fc890f1414e" duration="00:00:00.0117023" startTime="2025-09-27T18:51:20.9119343+00:00" endTime="2025-09-27T18:51:20.9119344+00:00" testType="13cdc9d9-ddb5-4fa4-a97d-d965ccfc6d4b" outcome="Passed" testListId="8c84fa94-04c1-424b-9868-57a2d4851a1d" relativeResultsDirectory="92c39d61-04d7-4e83-bdd9-ca1b08e917fc" />
    <UnitTestResult executionId="2ed47ca0-4f6e-48a2-aa6c-9bb67508c878" testId="689e7c7f-9884-6be4-7611-d14dac08646e" testName="UnitTestsBiblioMate.Controllers.AuthsControllerTest.Register_ShouldReturnBadRequestOnFailure" computerName="0fc890f1414e" duration="00:00:00.0027657" startTime="2025-09-27T18:51:20.9902428+00:00" endTime="2025-09-27T18:51:20.9902429+00:00" testType="13cdc9d9-ddb5-4fa4-a97d-d965ccfc6d4b" outcome="Passed" testListId="8c84fa94-04c1-424b-9868-57a2d4851a1d" relativeResultsDirectory="2ed47ca0-4f6e-48a2-aa6c-9bb67508c878" />
    <UnitTestResult executionId="2befbc9c-1534-4a27-9df6-5043536e227e" testId="bc927ed2-34ec-8ffe-3a85-e76d86ae5062" testName="UnitTestsBiblioMate.Controllers.AuthorsControllerTest.GetAuthors_ShouldReturnOkWithAuthors" computerName="0fc890f1414e" duration="00:00:00.0078622" startTime="2025-09-27T18:51:20.0206047+00:00" endTime="2025-09-27T18:51:20.0206047+00:00" testType="13cdc9d9-ddb5-4fa4-a97d-d965ccfc6d4b" outcome="Passed" testListId="8c84fa94-04c1-424b-9868-57a2d4851a1d" relativeResultsDirectory="2befbc9c-1534-4a27-9df6-5043536e227e" />
    <UnitTestResult executionId="e30364e9-df6a-42b9-be76-2f3fa16f4602" testId="28fc8ccc-11bf-2b8c-2c13-b92e1c105021" testName="UnitTestsBiblioMate.Services.Reports.ReportServiceTest.GetAllAsync_ShouldReturnAllReports" computerName="0fc890f1414e" duration="00:00:00.0306642" startTime="2025-09-27T18:51:20.9488872+00:00" endTime="2025-09-27T18:51:20.9488872+00:00" testType="13cdc9d9-ddb5-4fa4-a97d-d965ccfc6d4b" outcome="Passed" testListId="8c84fa94-04c1-424b-9868-57a2d4851a1d" relativeResultsDirectory="e30364e9-df6a-42b9-be76-2f3fa16f4602" />
    <UnitTestResult executionId="f49d0bbc-e9f7-451d-b0d5-7f0e20c62173" testId="d1d9dc3d-a6fc-954a-809b-66f4774e8450" testName="UnitTestsBiblioMate.Services.Catalog.ShelfServiceTests.GetByIdAsync_ShouldReturnNull_WhenNotExists" computerName="0fc890f1414e" duration="00:00:00.0026651" startTime="2025-09-27T18:51:20.7653124+00:00" endTime="2025-09-27T18:51:20.7653125+00:00" testType="13cdc9d9-ddb5-4fa4-a97d-d965ccfc6d4b" outcome="Passed" testListId="8c84fa94-04c1-424b-9868-57a2d4851a1d" relativeResultsDirectory="f49d0bbc-e9f7-451d-b0d5-7f0e20c62173" />
    <UnitTestResult executionId="b4db90ce-4ad1-458f-a9e8-8ba9c429008f" testId="08724b36-dd09-5fae-89c4-915819f7d78a" testName="UnitTestsBiblioMate.Controllers.ReservationsControllerTest.GetReservation_Admin_ReturnsOk" computerName="0fc890f1414e" duration="00:00:00.0035241" startTime="2025-09-27T18:51:20.0180990+00:00" endTime="2025-09-27T18:51:20.0180991+00:00" testType="13cdc9d9-ddb5-4fa4-a97d-d965ccfc6d4b" outcome="Passed" testListId="8c84fa94-04c1-424b-9868-57a2d4851a1d" relativeResultsDirectory="b4db90ce-4ad1-458f-a9e8-8ba9c429008f" />
    <UnitTestResult executionId="147f9f35-c5e4-40e9-b30b-ecebaf4322f9" testId="2770969b-ddb0-5265-6269-f79cea634ef2" testName="UnitTestsBiblioMate.Controllers.ShelvesControllerTest.DeleteShelf_NotFound_Returns404" computerName="0fc890f1414e" duration="00:00:00.0014536" startTime="2025-09-27T18:51:20.8329879+00:00" endTime="2025-09-27T18:51:20.8329880+00:00" testType="13cdc9d9-ddb5-4fa4-a97d-d965ccfc6d4b" outcome="Passed" testListId="8c84fa94-04c1-424b-9868-57a2d4851a1d" relativeResultsDirectory="147f9f35-c5e4-40e9-b30b-ecebaf4322f9" />
    <UnitTestResult executionId="a1c99c7b-6b61-41d9-85c3-30cba7521b3b" testId="045b3016-eb7b-6e8c-ee8e-f85dc5391457" testName="UnitTestsBiblioMate.Services.Catalog.AuthorServiceTest.GetByIdAsync_ShouldReturnError_WhenNotExists" computerName="0fc890f1414e" duration="00:00:00.0413602" startTime="2025-09-27T18:51:21.0379726+00:00" endTime="2025-09-27T18:51:21.0379726+00:00" testType="13cdc9d9-ddb5-4fa4-a97d-d965ccfc6d4b" outcome="Passed" testListId="8c84fa94-04c1-424b-9868-57a2d4851a1d" relativeResultsDirectory="a1c99c7b-6b61-41d9-85c3-30cba7521b3b" />
    <UnitTestResult executionId="ba94ea5f-5abf-4b97-98c8-0c9327c8fd0e" testId="fcf5a9fb-30ef-3069-4d04-687745715fdd" testName="UnitTestsBiblioMate.Controllers.UsersControllerTest.UpdateUserRole_NotFound_Returns404" computerName="0fc890f1414e" duration="00:00:00.0024736" startTime="2025-09-27T18:51:21.0334394+00:00" endTime="2025-09-27T18:51:21.0334395+00:00" testType="13cdc9d9-ddb5-4fa4-a97d-d965ccfc6d4b" outcome="Passed" testListId="8c84fa94-04c1-424b-9868-57a2d4851a1d" relativeResultsDirectory="ba94ea5f-5abf-4b97-98c8-0c9327c8fd0e" />
    <UnitTestResult executionId="91da1d28-e253-4738-aae8-60e453a08af8" testId="eda17e24-102a-58ae-09e8-06099a6b822d" testName="UnitTestsBiblioMate.Controllers.BooksControllerTest.UpdateBook_ShouldReturnExpectedResult(serviceResult: False, expected: typeof(Microsoft.AspNetCore.Mvc.NotFoundResult))" computerName="0fc890f1414e" duration="00:00:00.0040268" startTime="2025-09-27T18:51:20.0663565+00:00" endTime="2025-09-27T18:51:20.0663565+00:00" testType="13cdc9d9-ddb5-4fa4-a97d-d965ccfc6d4b" outcome="Passed" testListId="8c84fa94-04c1-424b-9868-57a2d4851a1d" relativeResultsDirectory="91da1d28-e253-4738-aae8-60e453a08af8" />
    <UnitTestResult executionId="abdffbd8-c574-40e7-b2c2-50037e883eec" testId="160b4cfa-810f-ab96-3781-1bf56c839b2c" testName="UnitTestsBiblioMate.Controllers.LocationsControllerTest.GetAisles_ShouldReturnOk_WhenFound" computerName="0fc890f1414e" duration="00:00:00.0141520" startTime="2025-09-27T18:51:20.0497248+00:00" endTime="2025-09-27T18:51:20.0497249+00:00" testType="13cdc9d9-ddb5-4fa4-a97d-d965ccfc6d4b" outcome="Passed" testListId="8c84fa94-04c1-424b-9868-57a2d4851a1d" relativeResultsDirectory="abdffbd8-c574-40e7-b2c2-50037e883eec" />
    <UnitTestResult executionId="760dfbf1-a571-460a-a3e0-5823d3abb924" testId="77525c09-42b0-99dc-8fb2-0338adeccfdf" testName="UnitTestsBiblioMate.Services.Catalog.StockServiceTest.UpdateAvailability_ShouldReflectComputedIsAvailable(quantity: 1, expectedAvailable: True)" computerName="0fc890f1414e" duration="00:00:00.0052210" startTime="2025-09-27T18:51:20.7053960+00:00" endTime="2025-09-27T18:51:20.7053960+00:00" testType="13cdc9d9-ddb5-4fa4-a97d-d965ccfc6d4b" outcome="Passed" testListId="8c84fa94-04c1-424b-9868-57a2d4851a1d" relativeResultsDirectory="760dfbf1-a571-460a-a3e0-5823d3abb924" />
    <UnitTestResult executionId="6e4be02a-99ec-4cae-b094-2b205b7dd0a0" testId="e0875a3d-2c1a-657f-6cff-045bd0c211a1" testName="UnitTestsBiblioMate.Services.Catalog.EditorServiceTest.UpdateAsync_ShouldReturnFalse_WhenNotExists" computerName="0fc890f1414e" duration="00:00:00.0010897" startTime="2025-09-27T18:51:20.9496700+00:00" endTime="2025-09-27T18:51:20.9496701+00:00" testType="13cdc9d9-ddb5-4fa4-a97d-d965ccfc6d4b" outcome="Passed" testListId="8c84fa94-04c1-424b-9868-57a2d4851a1d" relativeResultsDirectory="6e4be02a-99ec-4cae-b094-2b205b7dd0a0" />
    <UnitTestResult executionId="34601d5d-1429-44ad-b0be-e7f377fe5d26" testId="092ca597-da17-0582-a92f-593c52facb3b" testName="UnitTestsBiblioMate.Controllers.GenresControllerTest.GetGenres_ShouldReturnOkWithGenres" computerName="0fc890f1414e" duration="00:00:00.0044618" startTime="2025-09-27T18:51:20.0569724+00:00" endTime="2025-09-27T18:51:20.0569724+00:00" testType="13cdc9d9-ddb5-4fa4-a97d-d965ccfc6d4b" outcome="Passed" testListId="8c84fa94-04c1-424b-9868-57a2d4851a1d" relativeResultsDirectory="34601d5d-1429-44ad-b0be-e7f377fe5d26" />
    <UnitTestResult executionId="98b8881d-5a6c-4738-a88b-abe53b04b91a" testId="1eeef9f8-087f-54b1-3b03-3b73e606b132" testName="UnitTestsBiblioMate.Services.Catalog.StockServiceTest.UpdateAvailability_ShouldReflectComputedIsAvailable(quantity: 5, expectedAvailable: True)" computerName="0fc890f1414e" duration="00:00:00.0001169" startTime="2025-09-27T18:51:20.7073376+00:00" endTime="2025-09-27T18:51:20.7073376+00:00" testType="13cdc9d9-ddb5-4fa4-a97d-d965ccfc6d4b" outcome="Passed" testListId="8c84fa94-04c1-424b-9868-57a2d4851a1d" relativeResultsDirectory="98b8881d-5a6c-4738-a88b-abe53b04b91a" />
    <UnitTestResult executionId="a28922b1-110e-4601-a683-9927a5c88261" testId="afa822be-913c-714e-b947-eb47a0054e8c" testName="UnitTestsBiblioMate.Services.Infrastructure.Security.EncryptionServiceTest.Encrypt_ShouldReturnEmpty_ForNullOrEmpty(input: null)" computerName="0fc890f1414e" duration="00:00:00.0002790" startTime="2025-09-27T18:51:20.8377694+00:00" endTime="2025-09-27T18:51:20.8377694+00:00" testType="13cdc9d9-ddb5-4fa4-a97d-d965ccfc6d4b" outcome="Passed" testListId="8c84fa94-04c1-424b-9868-57a2d4851a1d" relativeResultsDirectory="a28922b1-110e-4601-a683-9927a5c88261" />
    <UnitTestResult executionId="1f473906-b404-47af-9213-0be7bea3b8d8" testId="d276a244-99e4-a3da-e964-b96a932201dc" testName="UnitTestsBiblioMate.Controllers.ReportsControllerTest.DeleteReport_OwnerFailure_ReturnsNotFound" computerName="0fc890f1414e" duration="00:00:00.0021283" startTime="2025-09-27T18:51:20.9311965+00:00" endTime="2025-09-27T18:51:20.9311966+00:00" testType="13cdc9d9-ddb5-4fa4-a97d-d965ccfc6d4b" outcome="Passed" testListId="8c84fa94-04c1-424b-9868-57a2d4851a1d" relativeResultsDirectory="1f473906-b404-47af-9213-0be7bea3b8d8" />
    <UnitTestResult executionId="b7f6126f-5b32-44c3-91e8-832c95446df5" testId="0347d3e5-ef16-a390-3cd5-cc0d1102e942" testName="UnitTestsBiblioMate.Controllers.NotificationsControllerTest.UpdateNotification_IdMismatch_ReturnsBadRequest" computerName="0fc890f1414e" duration="00:00:00.0027672" startTime="2025-09-27T18:51:20.9346696+00:00" endTime="2025-09-27T18:51:20.9346696+00:00" testType="13cdc9d9-ddb5-4fa4-a97d-d965ccfc6d4b" outcome="Passed" testListId="8c84fa94-04c1-424b-9868-57a2d4851a1d" relativeResultsDirectory="b7f6126f-5b32-44c3-91e8-832c95446df5" />
    <UnitTestResult executionId="db347331-b951-4535-89bf-1c926a487969" testId="7df56062-67fd-326c-c254-69fe685d5b44" testName="UnitTestsBiblioMate.Helpers.TokenHelperTests.TryGetUserId_ValidClaim_ReturnsTrue" computerName="0fc890f1414e" duration="00:00:00.0003115" startTime="2025-09-27T18:51:20.1315458+00:00" endTime="2025-09-27T18:51:20.1315459+00:00" testType="13cdc9d9-ddb5-4fa4-a97d-d965ccfc6d4b" outcome="Passed" testListId="8c84fa94-04c1-424b-9868-57a2d4851a1d" relativeResultsDirectory="db347331-b951-4535-89bf-1c926a487969" />
    <UnitTestResult executionId="516afd36-ce92-4820-9b52-67e6e8e67ecc" testId="b2454350-cc80-411b-25b8-3c792505ce4e" testName="UnitTestsBiblioMate.Services.Catalog.ShelfLevelServiceTest.CreateAsync_ShouldAddShelfLevel" computerName="0fc890f1414e" duration="00:00:00.0140388" startTime="2025-09-27T18:51:20.8237580+00:00" endTime="2025-09-27T18:51:20.8237580+00:00" testType="13cdc9d9-ddb5-4fa4-a97d-d965ccfc6d4b" outcome="Passed" testListId="8c84fa94-04c1-424b-9868-57a2d4851a1d" relativeResultsDirectory="516afd36-ce92-4820-9b52-67e6e8e67ecc" />
    <UnitTestResult executionId="4a50a0b2-2e86-4c9b-b576-986a2dc0e691" testId="dd8476f8-ab78-3d27-3362-303b9cccb2b2" testName="UnitTestsBiblioMate.Controllers.ShelfLevelsControllerTest.DeleteShelfLevel_NotFound_Returns404" computerName="0fc890f1414e" duration="00:00:00.0036660" startTime="2025-09-27T18:51:20.7548598+00:00" endTime="2025-09-27T18:51:20.7548599+00:00" testType="13cdc9d9-ddb5-4fa4-a97d-d965ccfc6d4b" outcome="Passed" testListId="8c84fa94-04c1-424b-9868-57a2d4851a1d" relativeResultsDirectory="4a50a0b2-2e86-4c9b-b576-986a2dc0e691" />
    <UnitTestResult executionId="c5f096c7-bc96-4568-868e-e2d1bd0500b4" testId="3e25cc29-e0fe-04a0-37d6-4995de9cdbbe" testName="UnitTestsBiblioMate.Controllers.StocksControllerTest.UpdateStock_IdMismatch_Returns400" computerName="0fc890f1414e" duration="00:00:00.0044931" startTime="2025-09-27T18:51:20.6802773+00:00" endTime="2025-09-27T18:51:20.6802774+00:00" testType="13cdc9d9-ddb5-4fa4-a97d-d965ccfc6d4b" outcome="Passed" testListId="8c84fa94-04c1-424b-9868-57a2d4851a1d" relativeResultsDirectory="c5f096c7-bc96-4568-868e-e2d1bd0500b4" />
    <UnitTestResult executionId="83a5224a-806b-43b2-89dd-79dd21edce10" testId="213a721f-8a18-f5e6-b562-2dfdd1161cf1" testName="UnitTestsBiblioMate.Controllers.StocksControllerTest.AdjustStockQuantity_NotFound_Returns404" computerName="0fc890f1414e" duration="00:00:00.0134117" startTime="2025-09-27T18:51:20.6938032+00:00" endTime="2025-09-27T18:51:20.6938032+00:00" testType="13cdc9d9-ddb5-4fa4-a97d-d965ccfc6d4b" outcome="Passed" testListId="8c84fa94-04c1-424b-9868-57a2d4851a1d" relativeResultsDirectory="83a5224a-806b-43b2-89dd-79dd21edce10" />
    <UnitTestResult executionId="de7ce90a-3a7e-4ec4-aed2-95f324bfa5c7" testId="3311d254-7574-3631-497f-37568232f2f3" testName="UnitTestsBiblioMate.Controllers.TagsControllerTest.Search_ReturnsOkWithFilteredList" computerName="0fc890f1414e" duration="00:00:00.0023072" startTime="2025-09-27T18:51:20.0263162+00:00" endTime="2025-09-27T18:51:20.0263163+00:00" testType="13cdc9d9-ddb5-4fa4-a97d-d965ccfc6d4b" outcome="Passed" testListId="8c84fa94-04c1-424b-9868-57a2d4851a1d" relativeResultsDirectory="de7ce90a-3a7e-4ec4-aed2-95f324bfa5c7" />
    <UnitTestResult executionId="a6aa5622-a457-4442-a1d0-732a48507661" testId="f759576a-a5e2-cc09-1a2f-32c8520c196e" testName="UnitTestsBiblioMate.Services.Users.AuthServiceTests.ConfirmEmailAsync_ShouldConfirmEmail_WhenTokenIsValid" computerName="0fc890f1414e" duration="00:00:00.0072395" startTime="2025-09-27T18:51:22.1642724+00:00" endTime="2025-09-27T18:51:22.1642724+00:00" testType="13cdc9d9-ddb5-4fa4-a97d-d965ccfc6d4b" outcome="Passed" testListId="8c84fa94-04c1-424b-9868-57a2d4851a1d" relativeResultsDirectory="a6aa5622-a457-4442-a1d0-732a48507661" />
    <UnitTestResult executionId="5081ece6-83b6-48d5-858b-0e76fa442125" testId="2b2ec8be-e9e2-9194-df6b-b1c4a2309182" testName="UnitTestsBiblioMate.Controllers.HistoriesControllerTest.GetUserHistory_Unauthorized_ShouldReturnForbid" computerName="0fc890f1414e" duration="00:00:00.0008459" startTime="2025-09-27T18:51:20.7956438+00:00" endTime="2025-09-27T18:51:20.7956438+00:00" testType="13cdc9d9-ddb5-4fa4-a97d-d965ccfc6d4b" outcome="Passed" testListId="8c84fa94-04c1-424b-9868-57a2d4851a1d" relativeResultsDirectory="5081ece6-83b6-48d5-858b-0e76fa442125" />
    <UnitTestResult executionId="5e1e72c1-f593-4261-8f6a-bfded11a1110" testId="cdf225f6-ff91-0abc-5755-8d17f39ccf47" testName="UnitTestsBiblioMate.Controllers.NotificationsControllerTest.UpdateNotification_NotFound_Returns404" computerName="0fc890f1414e" duration="00:00:00.0029416" startTime="2025-09-27T18:51:20.9631581+00:00" endTime="2025-09-27T18:51:20.9631581+00:00" testType="13cdc9d9-ddb5-4fa4-a97d-d965ccfc6d4b" outcome="Passed" testListId="8c84fa94-04c1-424b-9868-57a2d4851a1d" relativeResultsDirectory="5e1e72c1-f593-4261-8f6a-bfded11a1110" />
    <UnitTestResult executionId="3aa22977-c3d5-478b-ad99-4bd10de63ece" testId="5f9caa6a-7600-83c3-66ac-77b00ca44e92" testName="UnitTestsBiblioMate.Controllers.StocksControllerTest.UpdateStock_Success_ReturnsNoContent" computerName="0fc890f1414e" duration="00:00:00.0026619" startTime="2025-09-27T18:51:20.7500238+00:00" endTime="2025-09-27T18:51:20.7500239+00:00" testType="13cdc9d9-ddb5-4fa4-a97d-d965ccfc6d4b" outcome="Passed" testListId="8c84fa94-04c1-424b-9868-57a2d4851a1d" relativeResultsDirectory="3aa22977-c3d5-478b-ad99-4bd10de63ece" />
    <UnitTestResult executionId="84a3291c-4b46-4467-a72e-6c5a9e36139d" testId="8da4778b-30f9-77d1-9625-d911c04101c3" testName="UnitTestsBiblioMate.Controllers.ZonesControllerTest.UpdateZone_Success_ReturnsNoContent" computerName="0fc890f1414e" duration="00:00:00.0037088" startTime="2025-09-27T18:51:20.8430373+00:00" endTime="2025-09-27T18:51:20.8430373+00:00" testType="13cdc9d9-ddb5-4fa4-a97d-d965ccfc6d4b" outcome="Passed" testListId="8c84fa94-04c1-424b-9868-57a2d4851a1d" relativeResultsDirectory="84a3291c-4b46-4467-a72e-6c5a9e36139d" />
    <UnitTestResult executionId="d1eaaba5-2a2a-4305-a66e-4ae28c4c73a8" testId="bec87d69-4e03-29bb-e3b6-a45728962ce1" testName="UnitTestsBiblioMate.Services.Loans.LoanServiceTests.ReturnAsync_ShouldFail_WhenAlreadyReturned" computerName="0fc890f1414e" duration="00:00:00.0014630" startTime="2025-09-27T18:51:21.0622822+00:00" endTime="2025-09-27T18:51:21.0622822+00:00" testType="13cdc9d9-ddb5-4fa4-a97d-d965ccfc6d4b" outcome="Passed" testListId="8c84fa94-04c1-424b-9868-57a2d4851a1d" relativeResultsDirectory="d1eaaba5-2a2a-4305-a66e-4ae28c4c73a8" />
    <UnitTestResult executionId="7069f47d-545e-4d6d-9de8-96df958e2fca" testId="f06fd372-5e95-afd9-0ea0-aa431b4dd16f" testName="UnitTestsBiblioMate.Controllers.StocksControllerTest.DeleteStock_Success_ReturnsNoContent" computerName="0fc890f1414e" duration="00:00:00.0045389" startTime="2025-09-27T18:51:20.7646850+00:00" endTime="2025-09-27T18:51:20.7646850+00:00" testType="13cdc9d9-ddb5-4fa4-a97d-d965ccfc6d4b" outcome="Passed" testListId="8c84fa94-04c1-424b-9868-57a2d4851a1d" relativeResultsDirectory="7069f47d-545e-4d6d-9de8-96df958e2fca" />
    <UnitTestResult executionId="69d5c9f8-d760-4b52-9567-b08136a50aa6" testId="436c5e0a-d280-00d0-994f-b8c0314801fe" testName="UnitTestsBiblioMate.Controllers.TagsControllerTest.UpdateTag_Success_ReturnsNoContent" computerName="0fc890f1414e" duration="00:00:00.0017812" startTime="2025-09-27T18:51:20.0283870+00:00" endTime="2025-09-27T18:51:20.0283870+00:00" testType="13cdc9d9-ddb5-4fa4-a97d-d965ccfc6d4b" outcome="Passed" testListId="8c84fa94-04c1-424b-9868-57a2d4851a1d" relativeResultsDirectory="69d5c9f8-d760-4b52-9567-b08136a50aa6" />
    <UnitTestResult executionId="03a905cb-106d-4442-8f40-91bcbd4b9252" testId="956af03d-fa8e-07d1-68d9-66c3500a6307" testName="UnitTestsBiblioMate.Services.Catalog.StockServiceTest.Decrease_WithContext_DecrementsAndPersists" computerName="0fc890f1414e" duration="00:00:00.0010218" startTime="2025-09-27T18:51:20.7153731+00:00" endTime="2025-09-27T18:51:20.7153732+00:00" testType="13cdc9d9-ddb5-4fa4-a97d-d965ccfc6d4b" outcome="Passed" testListId="8c84fa94-04c1-424b-9868-57a2d4851a1d" relativeResultsDirectory="03a905cb-106d-4442-8f40-91bcbd4b9252" />
    <UnitTestResult executionId="48e89466-c284-48f2-a3b7-864ee4720600" testId="f48fe870-a997-ebee-017f-67138bc4cf91" testName="UnitTestsBiblioMate.Services.Catalog.AuthorServiceTest.GetAllAsync_ShouldReturnAllAuthors" computerName="0fc890f1414e" duration="00:00:00.0170223" startTime="2025-09-27T18:51:20.9908463+00:00" endTime="2025-09-27T18:51:20.9908464+00:00" testType="13cdc9d9-ddb5-4fa4-a97d-d965ccfc6d4b" outcome="Passed" testListId="8c84fa94-04c1-424b-9868-57a2d4851a1d" relativeResultsDirectory="48e89466-c284-48f2-a3b7-864ee4720600" />
    <UnitTestResult executionId="8cf5eec0-d77c-4957-b87f-409c54ac342b" testId="3854d9d0-a2b2-f7c7-c1b2-ed47843787e5" testName="UnitTestsBiblioMate.Controllers.GenresControllerTest.CreateGenre_ShouldReturnServiceResult" computerName="0fc890f1414e" duration="00:00:00.0044242" startTime="2025-09-27T18:51:20.0722305+00:00" endTime="2025-09-27T18:51:20.0722305+00:00" testType="13cdc9d9-ddb5-4fa4-a97d-d965ccfc6d4b" outcome="Passed" testListId="8c84fa94-04c1-424b-9868-57a2d4851a1d" relativeResultsDirectory="8cf5eec0-d77c-4957-b87f-409c54ac342b" />
    <UnitTestResult executionId="89fdc891-768f-4c31-b2a6-7ef429975477" testId="e1eb5431-eca9-54da-f36a-04751842eeb8" testName="UnitTestsBiblioMate.Controllers.UsersControllerTest.PostUser_AsAdmin_ReturnsCreatedAndLogs" computerName="0fc890f1414e" duration="00:00:00.0045221" startTime="2025-09-27T18:51:21.0383581+00:00" endTime="2025-09-27T18:51:21.0383581+00:00" testType="13cdc9d9-ddb5-4fa4-a97d-d965ccfc6d4b" outcome="Passed" testListId="8c84fa94-04c1-424b-9868-57a2d4851a1d" relativeResultsDirectory="89fdc891-768f-4c31-b2a6-7ef429975477" />
    <UnitTestResult executionId="0360a3a5-ca2d-4003-b2ab-513897179aed" testId="6600797e-824b-04e8-0096-83674ad4612c" testName="UnitTestsBiblioMate.Services.Users.UserServiceTests.DeleteAsync_ShouldReturnFalse_WhenNotExists" computerName="0fc890f1414e" duration="00:00:00.0010965" startTime="2025-09-27T18:51:21.2556791+00:00" endTime="2025-09-27T18:51:21.2556791+00:00" testType="13cdc9d9-ddb5-4fa4-a97d-d965ccfc6d4b" outcome="Passed" testListId="8c84fa94-04c1-424b-9868-57a2d4851a1d" relativeResultsDirectory="0360a3a5-ca2d-4003-b2ab-513897179aed">
      <Output>
        <StdOut>=== DeleteAsync (fail): START ===
Success: False
=== DeleteAsync (fail): END ===</StdOut>
      </Output>
    </UnitTestResult>
    <UnitTestResult executionId="ba76fc14-41b3-4ae1-9323-792207c2dbe9" testId="13489c39-cbb3-aeff-60cc-b06b8fbb1546" testName="UnitTestsBiblioMate.Services.Catalog.ZonesServiceTests.GetAllAsync_ShouldReturnAllZones_Paginated" computerName="0fc890f1414e" duration="00:00:00.0197498" startTime="2025-09-27T18:51:20.7666079+00:00" endTime="2025-09-27T18:51:20.7666080+00:00" testType="13cdc9d9-ddb5-4fa4-a97d-d965ccfc6d4b" outcome="Passed" testListId="8c84fa94-04c1-424b-9868-57a2d4851a1d" relativeResultsDirectory="ba76fc14-41b3-4ae1-9323-792207c2dbe9">
      <Output>
        <StdOut>=== GetAllAsync: START ===
Found Zones Count: 2
=== GetAllAsync: END ===</StdOut>
      </Output>
    </UnitTestResult>
    <UnitTestResult executionId="2db26e69-e8b3-491d-8688-8c1afae27104" testId="a1c0e6c0-31f5-80a2-27b5-5ad13777f66a" testName="UnitTestsBiblioMate.Controllers.NotificationsControllerTest.GetNotifications_AsLibrarian_ReturnsAll" computerName="0fc890f1414e" duration="00:00:00.0238341" startTime="2025-09-27T18:51:20.9904686+00:00" endTime="2025-09-27T18:51:20.9904686+00:00" testType="13cdc9d9-ddb5-4fa4-a97d-d965ccfc6d4b" outcome="Passed" testListId="8c84fa94-04c1-424b-9868-57a2d4851a1d" relativeResultsDirectory="2db26e69-e8b3-491d-8688-8c1afae27104" />
    <UnitTestResult executionId="7a837634-245e-40f4-b76f-f4af99c123ae" testId="a6d9487f-9732-f9e7-674c-29f4897a8383" testName="UnitTestsBiblioMate.Services.Infrastructure.Logging.MongoLogServiceTest.GetByIdAsync_ValidId_ReturnsDocument" computerName="0fc890f1414e" duration="00:00:00.0072091" startTime="2025-09-27T18:51:20.0634737+00:00" endTime="2025-09-27T18:51:20.0634738+00:00" testType="13cdc9d9-ddb5-4fa4-a97d-d965ccfc6d4b" outcome="Passed" testListId="8c84fa94-04c1-424b-9868-57a2d4851a1d" relativeResultsDirectory="7a837634-245e-40f4-b76f-f4af99c123ae" />
    <UnitTestResult executionId="220481ca-fff0-4f92-9874-a76bfd12ccf4" testId="8a327e1f-5c71-a8f0-8e0f-ac4967bd19dd" testName="UnitTestsBiblioMate.Controllers.UsersControllerTest.UpdateUser_AsAdmin_ReturnsNoContentAndLogs" computerName="0fc890f1414e" duration="00:00:00.0171186" startTime="2025-09-27T18:51:20.8490377+00:00" endTime="2025-09-27T18:51:20.8490378+00:00" testType="13cdc9d9-ddb5-4fa4-a97d-d965ccfc6d4b" outcome="Passed" testListId="8c84fa94-04c1-424b-9868-57a2d4851a1d" relativeResultsDirectory="220481ca-fff0-4f92-9874-a76bfd12ccf4" />
    <UnitTestResult executionId="95d8b56f-eac3-4379-9f62-aec1852b9dd9" testId="b433873b-858d-53f6-fc41-a10063eaa76f" testName="UnitTestsBiblioMate.Services.Users.HistoryServiceTest.LogEventAsync_ShouldPersistHistoryRecord" computerName="0fc890f1414e" duration="00:00:00.0279535" startTime="2025-09-27T18:51:20.7633719+00:00" endTime="2025-09-27T18:51:20.7633719+00:00" testType="13cdc9d9-ddb5-4fa4-a97d-d965ccfc6d4b" outcome="Passed" testListId="8c84fa94-04c1-424b-9868-57a2d4851a1d" relativeResultsDirectory="95d8b56f-eac3-4379-9f62-aec1852b9dd9">
      <Output>
        <StdOut>Logged event at 2025-09-27T18:51:20.7368799Z</StdOut>
      </Output>
    </UnitTestResult>
    <UnitTestResult executionId="9e2dfd26-e2be-4131-92a3-03c87a0d1d06" testId="093b3192-cb40-98ba-b808-350cc3941bcd" testName="UnitTestsBiblioMate.Services.Catalog.TagServiceTests.GetByIdAsync_ShouldReturnTag_WhenExists" computerName="0fc890f1414e" duration="00:00:00.0108197" startTime="2025-09-27T18:51:20.8115273+00:00" endTime="2025-09-27T18:51:20.8115274+00:00" testType="13cdc9d9-ddb5-4fa4-a97d-d965ccfc6d4b" outcome="Passed" testListId="8c84fa94-04c1-424b-9868-57a2d4851a1d" relativeResultsDirectory="9e2dfd26-e2be-4131-92a3-03c87a0d1d06" />
    <UnitTestResult executionId="5288ef0e-8ea9-45bf-8f7c-5a775f66e0eb" testId="e8a91137-eeb4-74a9-84a3-9ce6803682e3" testName="UnitTestsBiblioMate.Services.Loans.ReservationServiceTest.GetByIdAsync_ShouldReturnDto_WhenExists" computerName="0fc890f1414e" duration="00:00:00.0370095" startTime="2025-09-27T18:51:20.9255028+00:00" endTime="2025-09-27T18:51:20.9255029+00:00" testType="13cdc9d9-ddb5-4fa4-a97d-d965ccfc6d4b" outcome="Passed" testListId="8c84fa94-04c1-424b-9868-57a2d4851a1d" relativeResultsDirectory="5288ef0e-8ea9-45bf-8f7c-5a775f66e0eb" />
    <UnitTestResult executionId="0bdc866c-42c4-4c41-8a7d-439c564f6e13" testId="f67ae3d1-0cdb-acc7-0938-902634e0ce87" testName="UnitTestsBiblioMate.Services.Catalog.ZonesServiceTests.DeleteAsync_ShouldReturnFalse_WhenNotExists" computerName="0fc890f1414e" duration="00:00:00.0024430" startTime="2025-09-27T18:51:20.7475293+00:00" endTime="2025-09-27T18:51:20.7475293+00:00" testType="13cdc9d9-ddb5-4fa4-a97d-d965ccfc6d4b" outcome="Passed" testListId="8c84fa94-04c1-424b-9868-57a2d4851a1d" relativeResultsDirectory="0bdc866c-42c4-4c41-8a7d-439c564f6e13">
      <Output>
        <StdOut>=== DeleteAsync (fail): START ===
Success: False
=== DeleteAsync (fail): END ===</StdOut>
      </Output>
    </UnitTestResult>
    <UnitTestResult executionId="d26ea66b-e914-4c77-b1d8-fed6236d7c8a" testId="fe73573e-b508-a88a-6bef-d23ec01ac542" testName="UnitTestsBiblioMate.Controllers.ReportsControllerTest.UpdateReport_OwnerSuccess_ReturnsNoContent" computerName="0fc890f1414e" duration="00:00:00.0025035" startTime="2025-09-27T18:51:20.9247914+00:00" endTime="2025-09-27T18:51:20.9247914+00:00" testType="13cdc9d9-ddb5-4fa4-a97d-d965ccfc6d4b" outcome="Passed" testListId="8c84fa94-04c1-424b-9868-57a2d4851a1d" relativeResultsDirectory="d26ea66b-e914-4c77-b1d8-fed6236d7c8a" />
    <UnitTestResult executionId="c30a3c8d-87d1-4a86-b57b-2b5badaff63a" testId="23e0a976-ad27-7b14-1cc3-3ff0b2e3e976" testName="UnitTestsBiblioMate.Controllers.UsersControllerTest.GetUser_Exists_ReturnsOk" computerName="0fc890f1414e" duration="00:00:00.0007104" startTime="2025-09-27T18:51:21.0450735+00:00" endTime="2025-09-27T18:51:21.0450735+00:00" testType="13cdc9d9-ddb5-4fa4-a97d-d965ccfc6d4b" outcome="Passed" testListId="8c84fa94-04c1-424b-9868-57a2d4851a1d" relativeResultsDirectory="c30a3c8d-87d1-4a86-b57b-2b5badaff63a" />
    <UnitTestResult executionId="3ac2d93a-9914-44ec-9e08-2076a22f3d14" testId="b26f47a3-dde7-4d3a-3c86-9644b275c7e9" testName="UnitTestsBiblioMate.Services.Recommendations.RecommendationServiceTest.GetRecommendationsForUserAsync_ShouldReturnMatchingBooks" computerName="0fc890f1414e" duration="00:00:00.0104640" startTime="2025-09-27T18:51:20.7678783+00:00" endTime="2025-09-27T18:51:20.7678784+00:00" testType="13cdc9d9-ddb5-4fa4-a97d-d965ccfc6d4b" outcome="Passed" testListId="8c84fa94-04c1-424b-9868-57a2d4851a1d" relativeResultsDirectory="3ac2d93a-9914-44ec-9e08-2076a22f3d14">
      <Output>
        <StdOut>=== GetRecommendationsForUserAsync (matching) ===</StdOut>
      </Output>
    </UnitTestResult>
    <UnitTestResult executionId="d49108ae-64fc-45b3-b359-99331fd182b9" testId="e95fabff-fa56-5d18-763d-d345c9da6d1d" testName="UnitTestsBiblioMate.Controllers.NotificationsControllerTest.DeleteNotification_WhenExists_ReturnsNoContent" computerName="0fc890f1414e" duration="00:00:00.0043358" startTime="2025-09-27T18:51:20.9672389+00:00" endTime="2025-09-27T18:51:20.9672389+00:00" testType="13cdc9d9-ddb5-4fa4-a97d-d965ccfc6d4b" outcome="Passed" testListId="8c84fa94-04c1-424b-9868-57a2d4851a1d" relativeResultsDirectory="d49108ae-64fc-45b3-b359-99331fd182b9" />
    <UnitTestResult executionId="caf7cbcc-af85-49d7-b9fc-942cdc37fae3" testId="cbb755c6-4bf2-4aa6-5eae-760cbc594db1" testName="UnitTestsBiblioMate.Services.Catalog.EditorServiceTest.CreateAsync_ShouldAddEditor" computerName="0fc890f1414e" duration="00:00:00.0059100" startTime="2025-09-27T18:51:20.9557816+00:00" endTime="2025-09-27T18:51:20.9557816+00:00" testType="13cdc9d9-ddb5-4fa4-a97d-d965ccfc6d4b" outcome="Passed" testListId="8c84fa94-04c1-424b-9868-57a2d4851a1d" relativeResultsDirectory="caf7cbcc-af85-49d7-b9fc-942cdc37fae3" />
    <UnitTestResult executionId="a348972e-3c35-4905-91af-cec683264e2a" testId="90946cea-cf3c-3aeb-d04f-853ea2fdcee6" testName="UnitTestsBiblioMate.Services.Loans.ReservationServiceTest.GetAllAsync_ShouldReturnAll" computerName="0fc890f1414e" duration="00:00:00.6836459" startTime="2025-09-27T18:51:20.7581539+00:00" endTime="2025-09-27T18:51:20.7581540+00:00" testType="13cdc9d9-ddb5-4fa4-a97d-d965ccfc6d4b" outcome="Passed" testListId="8c84fa94-04c1-424b-9868-57a2d4851a1d" relativeResultsDirectory="a348972e-3c35-4905-91af-cec683264e2a" />
    <UnitTestResult executionId="3b17f2cc-11e9-42bf-81e1-ac9c06d516a6" testId="151b931b-a3fc-4d74-1f14-ac398dab4731" testName="UnitTestsBiblioMate.Services.Catalog.GenreServiceTest.GetAllAsync_ShouldReturnAllGenres" computerName="0fc890f1414e" duration="00:00:00.0177142" startTime="2025-09-27T18:51:20.9637477+00:00" endTime="2025-09-27T18:51:20.9637477+00:00" testType="13cdc9d9-ddb5-4fa4-a97d-d965ccfc6d4b" outcome="Passed" testListId="8c84fa94-04c1-424b-9868-57a2d4851a1d" relativeResultsDirectory="3b17f2cc-11e9-42bf-81e1-ac9c06d516a6" />
    <UnitTestResult executionId="11bb96c4-52a8-4d7f-80fc-75b816ca5c52" testId="caa3d046-7097-1055-0910-1708111ac16d" testName="UnitTestsBiblioMate.Services.Loans.ReservationServiceTest.GetPendingForBookAsync_ShouldReturnOnlyPending" computerName="0fc890f1414e" duration="00:00:00.0307678" startTime="2025-09-27T18:51:21.0227225+00:00" endTime="2025-09-27T18:51:21.0227225+00:00" testType="13cdc9d9-ddb5-4fa4-a97d-d965ccfc6d4b" outcome="Passed" testListId="8c84fa94-04c1-424b-9868-57a2d4851a1d" relativeResultsDirectory="11bb96c4-52a8-4d7f-80fc-75b816ca5c52" />
    <UnitTestResult executionId="60a90c41-5448-4eb6-8abb-b584b05a9afe" testId="7b50df33-f9ea-df0e-5baa-1efa4191fff0" testName="UnitTestsBiblioMate.Controllers.ReportsControllerTest.GetReport_NotFound_Returns404" computerName="0fc890f1414e" duration="00:00:00.0041039" startTime="2025-09-27T18:51:20.8552746+00:00" endTime="2025-09-27T18:51:20.8552746+00:00" testType="13cdc9d9-ddb5-4fa4-a97d-d965ccfc6d4b" outcome="Passed" testListId="8c84fa94-04c1-424b-9868-57a2d4851a1d" relativeResultsDirectory="60a90c41-5448-4eb6-8abb-b584b05a9afe" />
    <UnitTestResult executionId="61dd6d61-96ae-4bcd-a3e9-46d95f249174" testId="ed19ca08-583d-e8d4-bb66-5b9b2642f021" testName="UnitTestsBiblioMate.Controllers.UsersControllerTest.DeleteUser_Self_ReturnsBadRequest" computerName="0fc890f1414e" duration="00:00:00.0003382" startTime="2025-09-27T18:51:21.0596367+00:00" endTime="2025-09-27T18:51:21.0596368+00:00" testType="13cdc9d9-ddb5-4fa4-a97d-d965ccfc6d4b" outcome="Passed" testListId="8c84fa94-04c1-424b-9868-57a2d4851a1d" relativeResultsDirectory="61dd6d61-96ae-4bcd-a3e9-46d95f249174" />
    <UnitTestResult executionId="58b64bc9-9333-420c-8b9b-7ecaf38ae514" testId="be39a583-ded4-ffd9-9535-135a91598c2f" testName="UnitTestsBiblioMate.Controllers.ReservationsControllerTest.DeleteReservation_NotFound_Returns404" computerName="0fc890f1414e" duration="00:00:00.0027751" startTime="2025-09-27T18:51:20.0124011+00:00" endTime="2025-09-27T18:51:20.0124011+00:00" testType="13cdc9d9-ddb5-4fa4-a97d-d965ccfc6d4b" outcome="Passed" testListId="8c84fa94-04c1-424b-9868-57a2d4851a1d" relativeResultsDirectory="58b64bc9-9333-420c-8b9b-7ecaf38ae514" />
    <UnitTestResult executionId="79899afb-dbe4-432f-a0e8-9787d93c56c3" testId="3a3971d1-7e0b-55ff-6ff8-e671e9ab7f8f" testName="UnitTestsBiblioMate.Services.Catalog.StockServiceTest.Decrease_ShouldSubtractOneAndReflectAvailability(initialQty: 2, expectedQty: 1, expectedAvailable: True)" computerName="0fc890f1414e" duration="00:00:00.0003981" startTime="2025-09-27T18:51:20.7210513+00:00" endTime="2025-09-27T18:51:20.7210514+00:00" testType="13cdc9d9-ddb5-4fa4-a97d-d965ccfc6d4b" outcome="Passed" testListId="8c84fa94-04c1-424b-9868-57a2d4851a1d" relativeResultsDirectory="79899afb-dbe4-432f-a0e8-9787d93c56c3" />
    <UnitTestResult executionId="8b3fbe16-0dd5-4a75-8be9-589adb91b6fc" testId="54ae1cd7-2a39-488b-5e9c-935107680a0a" testName="UnitTestsBiblioMate.Controllers.AuthorsControllerTest.CreateAuthor_ShouldReturnCreatedAtAction" computerName="0fc890f1414e" duration="00:00:00.0027662" startTime="2025-09-27T18:51:20.0354133+00:00" endTime="2025-09-27T18:51:20.0354133+00:00" testType="13cdc9d9-ddb5-4fa4-a97d-d965ccfc6d4b" outcome="Passed" testListId="8c84fa94-04c1-424b-9868-57a2d4851a1d" relativeResultsDirectory="8b3fbe16-0dd5-4a75-8be9-589adb91b6fc" />
    <UnitTestResult executionId="f118d4cd-df50-47e7-b4c7-3246d8b6219e" testId="11690713-c1d8-f9dd-76cd-e0d1e2453c92" testName="UnitTestsBiblioMate.Services.Catalog.EditorServiceTest.GetAllAsync_ShouldReturnAllEditors" computerName="0fc890f1414e" duration="00:00:00.0131200" startTime="2025-09-27T18:51:20.9688697+00:00" endTime="2025-09-27T18:51:20.9688697+00:00" testType="13cdc9d9-ddb5-4fa4-a97d-d965ccfc6d4b" outcome="Passed" testListId="8c84fa94-04c1-424b-9868-57a2d4851a1d" relativeResultsDirectory="f118d4cd-df50-47e7-b4c7-3246d8b6219e" />
    <UnitTestResult executionId="24c0239c-830b-40ae-8b59-f1cae0453976" testId="6374c99b-f386-9a5d-71dc-b90c9c29c39d" testName="UnitTestsBiblioMate.Controllers.TagsControllerTest.GetTag_NotFound_Returns404" computerName="0fc890f1414e" duration="00:00:00.0010688" startTime="2025-09-27T18:51:20.0217706+00:00" endTime="2025-09-27T18:51:20.0217707+00:00" testType="13cdc9d9-ddb5-4fa4-a97d-d965ccfc6d4b" outcome="Passed" testListId="8c84fa94-04c1-424b-9868-57a2d4851a1d" relativeResultsDirectory="24c0239c-830b-40ae-8b59-f1cae0453976" />
    <UnitTestResult executionId="8731e339-7a32-4aa6-ba01-550d6e63b371" testId="377c00f5-f981-f137-384d-91fc47de7c4e" testName="UnitTestsBiblioMate.Services.Users.HistoryServiceTest.GetHistoryForUserAsync_ShouldReturnEmptyList_WhenNoRecords" computerName="0fc890f1414e" duration="00:00:00.6045621" startTime="2025-09-27T18:51:20.6897735+00:00" endTime="2025-09-27T18:51:20.6897736+00:00" testType="13cdc9d9-ddb5-4fa4-a97d-d965ccfc6d4b" outcome="Passed" testListId="8c84fa94-04c1-424b-9868-57a2d4851a1d" relativeResultsDirectory="8731e339-7a32-4aa6-ba01-550d6e63b371" />
    <UnitTestResult executionId="405f2d1d-a98d-40c7-b9cc-f02b9b6799ed" testId="ea86374e-5138-b4e2-1e50-e21dbab79100" testName="UnitTestsBiblioMate.Services.Users.AuthServiceTests.RequestPasswordResetAsync_ShouldSendEmail_WhenUserExists" computerName="0fc890f1414e" duration="00:00:00.0020158" startTime="2025-09-27T18:51:22.1723105+00:00" endTime="2025-09-27T18:51:22.1723106+00:00" testType="13cdc9d9-ddb5-4fa4-a97d-d965ccfc6d4b" outcome="Passed" testListId="8c84fa94-04c1-424b-9868-57a2d4851a1d" relativeResultsDirectory="405f2d1d-a98d-40c7-b9cc-f02b9b6799ed" />
    <UnitTestResult executionId="7e05a9ad-75de-48b6-be8c-8ee64d3c01be" testId="426eacad-6124-ca68-d6ba-7e3221fa3111" testName="UnitTestsBiblioMate.Services.Reports.SearchActivityLogServiceTests.LogAsync_NullDoc_Throws" computerName="0fc890f1414e" duration="00:00:00.1588575" startTime="2025-09-27T18:51:20.0821650+00:00" endTime="2025-09-27T18:51:20.0821650+00:00" testType="13cdc9d9-ddb5-4fa4-a97d-d965ccfc6d4b" outcome="Passed" testListId="8c84fa94-04c1-424b-9868-57a2d4851a1d" relativeResultsDirectory="7e05a9ad-75de-48b6-be8c-8ee64d3c01be" />
    <UnitTestResult executionId="a41ba71a-2f4e-4bdc-bffc-e31b6b45d80a" testId="bb20653e-f3d7-0986-9285-4d173256b8db" testName="UnitTestsBiblioMate.Controllers.ShelfLevelsControllerTest.GetShelfLevels_ReturnsOkWithList" computerName="0fc890f1414e" duration="00:00:00.0043266" startTime="2025-09-27T18:51:20.7511187+00:00" endTime="2025-09-27T18:51:20.7511188+00:00" testType="13cdc9d9-ddb5-4fa4-a97d-d965ccfc6d4b" outcome="Passed" testListId="8c84fa94-04c1-424b-9868-57a2d4851a1d" relativeResultsDirectory="a41ba71a-2f4e-4bdc-bffc-e31b6b45d80a" />
    <UnitTestResult executionId="a5712cae-f795-4a23-9d37-ba2e51bfbbe9" testId="6ff54358-193d-9e59-831c-c5747f10b357" testName="UnitTestsBiblioMate.Services.Catalog.ShelfServiceTests.UpdateAsync_ShouldModifyShelf_WhenExists" computerName="0fc890f1414e" duration="00:00:00.6368566" startTime="2025-09-27T18:51:20.7135266+00:00" endTime="2025-09-27T18:51:20.7135267+00:00" testType="13cdc9d9-ddb5-4fa4-a97d-d965ccfc6d4b" outcome="Passed" testListId="8c84fa94-04c1-424b-9868-57a2d4851a1d" relativeResultsDirectory="a5712cae-f795-4a23-9d37-ba2e51bfbbe9" />
    <UnitTestResult executionId="39f3373d-de4b-478f-a163-f50342250c97" testId="6a298063-1a44-3628-3c48-d4e21ce2e456" testName="UnitTestsBiblioMate.Services.Loans.LoanServiceTests.DeleteAsync_ShouldDeleteLoan_WhenValid" computerName="0fc890f1414e" duration="00:00:00.0057911" startTime="2025-09-27T18:51:21.0437318+00:00" endTime="2025-09-27T18:51:21.0437319+00:00" testType="13cdc9d9-ddb5-4fa4-a97d-d965ccfc6d4b" outcome="Passed" testListId="8c84fa94-04c1-424b-9868-57a2d4851a1d" relativeResultsDirectory="39f3373d-de4b-478f-a163-f50342250c97" />
    <UnitTestResult executionId="6f1e280c-35c9-4148-bf26-f236d07c2d88" testId="664669c9-b47d-adaa-f0ba-aeb8c3feef9c" testName="UnitTestsBiblioMate.Controllers.GenresControllerTest.Search_ShouldReturnOkWithResults" computerName="0fc890f1414e" duration="00:00:00.0026583" startTime="2025-09-27T18:51:20.0650290+00:00" endTime="2025-09-27T18:51:20.0650291+00:00" testType="13cdc9d9-ddb5-4fa4-a97d-d965ccfc6d4b" outcome="Passed" testListId="8c84fa94-04c1-424b-9868-57a2d4851a1d" relativeResultsDirectory="6f1e280c-35c9-4148-bf26-f236d07c2d88" />
    <UnitTestResult executionId="6f882c8d-4397-4fc7-8492-3fdb09007c07" testId="3ebd0df3-af0a-c340-0bac-b19a7a8a5ada" testName="UnitTestsBiblioMate.Controllers.AuthorsControllerTest.UpdateAuthor_ShouldReturnNotFoundWhenNotExists" computerName="0fc890f1414e" duration="00:00:00.0023887" startTime="2025-09-27T18:51:20.0267176+00:00" endTime="2025-09-27T18:51:20.0267177+00:00" testType="13cdc9d9-ddb5-4fa4-a97d-d965ccfc6d4b" outcome="Passed" testListId="8c84fa94-04c1-424b-9868-57a2d4851a1d" relativeResultsDirectory="6f882c8d-4397-4fc7-8492-3fdb09007c07" />
    <UnitTestResult executionId="e7b06228-9bbf-407b-a3d7-061c0d8b2686" testId="98c9c640-4cb0-d43b-859f-cc7c09ff25a4" testName="UnitTestsBiblioMate.Helpers.PagedResultTests.ToPagedResultAsync_ReturnsCorrectSlice" computerName="0fc890f1414e" duration="00:00:00.0165359" startTime="2025-09-27T18:51:20.1155188+00:00" endTime="2025-09-27T18:51:20.1155189+00:00" testType="13cdc9d9-ddb5-4fa4-a97d-d965ccfc6d4b" outcome="Passed" testListId="8c84fa94-04c1-424b-9868-57a2d4851a1d" relativeResultsDirectory="e7b06228-9bbf-407b-a3d7-061c0d8b2686" />
    <UnitTestResult executionId="71849b7d-8b3d-40c7-a66c-4ac6ae47cda1" testId="54ccfb17-7395-5757-63db-974eb3826298" testName="UnitTestsBiblioMate.Controllers.AuthsControllerTest.RequestPasswordReset_ShouldReturnOkOnSuccess" computerName="0fc890f1414e" duration="00:00:00.0036107" startTime="2025-09-27T18:51:20.9703043+00:00" endTime="2025-09-27T18:51:20.9703044+00:00" testType="13cdc9d9-ddb5-4fa4-a97d-d965ccfc6d4b" outcome="Passed" testListId="8c84fa94-04c1-424b-9868-57a2d4851a1d" relativeResultsDirectory="71849b7d-8b3d-40c7-a66c-4ac6ae47cda1" />
    <UnitTestResult executionId="3d8f7a0f-8f06-4c4d-bf2b-cb69bb3e1d63" testId="e616e76c-51c0-bae8-b169-6c37c8046f88" testName="UnitTestsBiblioMate.Controllers.EditorsControllerTest.EnsureEditor_ShouldReturnOkWhenExists" computerName="0fc890f1414e" duration="00:00:00.0017106" startTime="2025-09-27T18:51:20.0289627+00:00" endTime="2025-09-27T18:51:20.0289628+00:00" testType="13cdc9d9-ddb5-4fa4-a97d-d965ccfc6d4b" outcome="Passed" testListId="8c84fa94-04c1-424b-9868-57a2d4851a1d" relativeResultsDirectory="3d8f7a0f-8f06-4c4d-bf2b-cb69bb3e1d63" />
    <UnitTestResult executionId="2ad9a880-2acc-4919-99e6-e8fca15024fd" testId="7538d070-e4f6-0f07-da98-995ad7ad5f7b" testName="UnitTestsBiblioMate.Controllers.ShelvesControllerTest.CreateShelf_ReturnsCreated" computerName="0fc890f1414e" duration="00:00:00.0028763" startTime="2025-09-27T18:51:20.8260895+00:00" endTime="2025-09-27T18:51:20.8260896+00:00" testType="13cdc9d9-ddb5-4fa4-a97d-d965ccfc6d4b" outcome="Passed" testListId="8c84fa94-04c1-424b-9868-57a2d4851a1d" relativeResultsDirectory="2ad9a880-2acc-4919-99e6-e8fca15024fd" />
    <UnitTestResult executionId="9978ce4e-3076-45fb-a766-68d9b3dff3c4" testId="911da651-8ecc-8713-f317-65525d88efc8" testName="UnitTestsBiblioMate.Controllers.EditorsControllerTest.DeleteEditor_ShouldReturnNotFoundWhenNotExists" computerName="0fc890f1414e" duration="00:00:00.0012125" startTime="2025-09-27T18:51:20.0257340+00:00" endTime="2025-09-27T18:51:20.0257340+00:00" testType="13cdc9d9-ddb5-4fa4-a97d-d965ccfc6d4b" outcome="Passed" testListId="8c84fa94-04c1-424b-9868-57a2d4851a1d" relativeResultsDirectory="9978ce4e-3076-45fb-a766-68d9b3dff3c4" />
    <UnitTestResult executionId="70687b37-c896-45bf-a634-5d587658bbf2" testId="592ff86c-fef5-108c-d091-426056e0fdbf" testName="UnitTestsBiblioMate.Services.Catalog.StockServiceTest.AdjustQuantity_WithContext_DoesNotGoBelowZero" computerName="0fc890f1414e" duration="00:00:00.0076451" startTime="2025-09-27T18:51:20.7142879+00:00" endTime="2025-09-27T18:51:20.7142879+00:00" testType="13cdc9d9-ddb5-4fa4-a97d-d965ccfc6d4b" outcome="Passed" testListId="8c84fa94-04c1-424b-9868-57a2d4851a1d" relativeResultsDirectory="70687b37-c896-45bf-a634-5d587658bbf2" />
    <UnitTestResult executionId="97ae683d-e5f1-423d-8281-fa10d15aedb0" testId="94fed4b4-7cf8-8ad5-03b4-bf40edc82cdc" testName="UnitTestsBiblioMate.Controllers.AuditsControllerTest.GetUserActivityLogs_ReturnsOk_WithLogs" computerName="0fc890f1414e" duration="00:00:00.0015985" startTime="2025-09-27T18:51:20.8033390+00:00" endTime="2025-09-27T18:51:20.8033391+00:00" testType="13cdc9d9-ddb5-4fa4-a97d-d965ccfc6d4b" outcome="Passed" testListId="8c84fa94-04c1-424b-9868-57a2d4851a1d" relativeResultsDirectory="97ae683d-e5f1-423d-8281-fa10d15aedb0" />
    <UnitTestResult executionId="71840a86-3686-401d-adff-4b102ff6b0df" testId="3ef662cc-6884-eaf7-fa76-83655ae1f53b" testName="UnitTestsBiblioMate.Services.Catalog.ShelfServiceTests.GetByIdAsync_ShouldReturnShelf_WhenExists" computerName="0fc890f1414e" duration="00:00:00.0281570" startTime="2025-09-27T18:51:20.7551190+00:00" endTime="2025-09-27T18:51:20.7551190+00:00" testType="13cdc9d9-ddb5-4fa4-a97d-d965ccfc6d4b" outcome="Passed" testListId="8c84fa94-04c1-424b-9868-57a2d4851a1d" relativeResultsDirectory="71840a86-3686-401d-adff-4b102ff6b0df" />
    <UnitTestResult executionId="4052ad11-a347-4077-830a-2f8dac4360b8" testId="35db66ad-a91c-ea88-37ff-c0f36f8fe1c7" testName="UnitTestsBiblioMate.Services.Loans.ReservationServiceTest.CreateAsync_ShouldCreate_WhenNoStockRowExists" computerName="0fc890f1414e" duration="00:00:00.0040003" startTime="2025-09-27T18:51:20.9417515+00:00" endTime="2025-09-27T18:51:20.9417515+00:00" testType="13cdc9d9-ddb5-4fa4-a97d-d965ccfc6d4b" outcome="Passed" testListId="8c84fa94-04c1-424b-9868-57a2d4851a1d" relativeResultsDirectory="4052ad11-a347-4077-830a-2f8dac4360b8" />
    <UnitTestResult executionId="4ad553d5-eefa-4476-8abd-e437f389272a" testId="8686141b-83b8-b1d5-e9eb-bb2972b4b749" testName="UnitTestsBiblioMate.Controllers.ReportsControllerTest.GetReports_AsPrivileged_ReturnsOk(role: &quot;Admin&quot;)" computerName="0fc890f1414e" duration="00:00:00.0020607" startTime="2025-09-27T18:51:20.9189987+00:00" endTime="2025-09-27T18:51:20.9189987+00:00" testType="13cdc9d9-ddb5-4fa4-a97d-d965ccfc6d4b" outcome="Passed" testListId="8c84fa94-04c1-424b-9868-57a2d4851a1d" relativeResultsDirectory="4ad553d5-eefa-4476-8abd-e437f389272a" />
    <UnitTestResult executionId="0a7bfeb4-8446-401c-a4c4-8699f16e98e0" testId="7d33d7b2-e277-cb8c-0cbc-ab4b64acd555" testName="UnitTestsBiblioMate.Controllers.TagsControllerTest.UpdateTag_IdMismatch_ReturnsBadRequest" computerName="0fc890f1414e" duration="00:00:00.0050374" startTime="2025-09-27T18:51:20.0321399+00:00" endTime="2025-09-27T18:51:20.0321399+00:00" testType="13cdc9d9-ddb5-4fa4-a97d-d965ccfc6d4b" outcome="Passed" testListId="8c84fa94-04c1-424b-9868-57a2d4851a1d" relativeResultsDirectory="0a7bfeb4-8446-401c-a4c4-8699f16e98e0" />
    <UnitTestResult executionId="8d2df514-1b40-4100-915e-d2073f106a84" testId="9d3a3f72-fc74-2b09-77ae-e37fe9cd6d7e" testName="UnitTestsBiblioMate.Helpers.TokenHelperTests.GetUserId_NoClaim_Throws" computerName="0fc890f1414e" duration="00:00:00.0001965" startTime="2025-09-27T18:51:20.1309901+00:00" endTime="2025-09-27T18:51:20.1309901+00:00" testType="13cdc9d9-ddb5-4fa4-a97d-d965ccfc6d4b" outcome="Passed" testListId="8c84fa94-04c1-424b-9868-57a2d4851a1d" relativeResultsDirectory="8d2df514-1b40-4100-915e-d2073f106a84" />
    <UnitTestResult executionId="b238102f-5700-470e-8658-4cca0dca87d4" testId="29708004-f38b-d04c-cedd-0c33e757ab66" testName="UnitTestsBiblioMate.Services.Infrastructure.Security.EncryptionServiceTest.Decrypt_ShouldReturnEmpty_ForNullOrEmpty(input: null)" computerName="0fc890f1414e" duration="00:00:00.0004248" startTime="2025-09-27T18:51:20.8361749+00:00" endTime="2025-09-27T18:51:20.8361750+00:00" testType="13cdc9d9-ddb5-4fa4-a97d-d965ccfc6d4b" outcome="Passed" testListId="8c84fa94-04c1-424b-9868-57a2d4851a1d" relativeResultsDirectory="b238102f-5700-470e-8658-4cca0dca87d4" />
    <UnitTestResult executionId="29a4eb52-d503-46a5-9512-79a2e6f1ad87" testId="f02370c8-eacc-3a43-f8e7-4d1422a861d5" testName="UnitTestsBiblioMate.Services.Catalog.AuthorServiceTest.CreateAsync_ShouldAddAuthor" computerName="0fc890f1414e" duration="00:00:00.0056213" startTime="2025-09-27T18:51:20.9966544+00:00" endTime="2025-09-27T18:51:20.9966544+00:00" testType="13cdc9d9-ddb5-4fa4-a97d-d965ccfc6d4b" outcome="Passed" testListId="8c84fa94-04c1-424b-9868-57a2d4851a1d" relativeResultsDirectory="29a4eb52-d503-46a5-9512-79a2e6f1ad87" />
    <UnitTestResult executionId="07174536-226e-49e5-b9aa-f28336ef2f82" testId="c122ad88-a978-5760-d739-4929394d155f" testName="UnitTestsBiblioMate.Controllers.ShelfLevelsControllerTest.GetShelfLevel_Exists_ReturnsOk" computerName="0fc890f1414e" duration="00:00:00.0019118" startTime="2025-09-27T18:51:20.7334414+00:00" endTime="2025-09-27T18:51:20.7334415+00:00" testType="13cdc9d9-ddb5-4fa4-a97d-d965ccfc6d4b" outcome="Passed" testListId="8c84fa94-04c1-424b-9868-57a2d4851a1d" relativeResultsDirectory="07174536-226e-49e5-b9aa-f28336ef2f82" />
    <UnitTestResult executionId="5da7e5af-9ca7-4c1c-a554-3e413872e0b4" testId="447e17de-f3a2-6db7-2e72-a4d5623a203d" testName="UnitTestsBiblioMate.Controllers.NotificationsControllerTest.GetNotifications_AsNormalUser_ReturnsOnlyOwn" computerName="0fc890f1414e" duration="00:00:00.0312403" startTime="2025-09-27T18:51:20.9210515+00:00" endTime="2025-09-27T18:51:20.9210515+00:00" testType="13cdc9d9-ddb5-4fa4-a97d-d965ccfc6d4b" outcome="Passed" testListId="8c84fa94-04c1-424b-9868-57a2d4851a1d" relativeResultsDirectory="5da7e5af-9ca7-4c1c-a554-3e413872e0b4" />
    <UnitTestResult executionId="1a2cc167-65bf-4114-b322-cd16c3a6a953" testId="b906ce26-ed25-c8de-9f87-8b53d336e55d" testName="UnitTestsBiblioMate.Controllers.StocksControllerTest.GetStocks_DefaultPagination_ReturnsAllMapped" computerName="0fc890f1414e" duration="00:00:00.0323016" startTime="2025-09-27T18:51:20.8003872+00:00" endTime="2025-09-27T18:51:20.8003872+00:00" testType="13cdc9d9-ddb5-4fa4-a97d-d965ccfc6d4b" outcome="Passed" testListId="8c84fa94-04c1-424b-9868-57a2d4851a1d" relativeResultsDirectory="1a2cc167-65bf-4114-b322-cd16c3a6a953" />
    <UnitTestResult executionId="e1fc6d44-80d0-4e31-bc97-c84f3b517217" testId="14eaf407-5879-a13a-b90b-8a3983a823a7" testName="UnitTestsBiblioMate.Controllers.ShelfLevelsControllerTest.GetShelfLevel_NotFound_Returns404" computerName="0fc890f1414e" duration="00:00:00.0074074" startTime="2025-09-27T18:51:20.7283956+00:00" endTime="2025-09-27T18:51:20.7283957+00:00" testType="13cdc9d9-ddb5-4fa4-a97d-d965ccfc6d4b" outcome="Passed" testListId="8c84fa94-04c1-424b-9868-57a2d4851a1d" relativeResultsDirectory="e1fc6d44-80d0-4e31-bc97-c84f3b517217" />
    <UnitTestResult executionId="19af39a4-62ed-4907-82ea-6d2d64c6bcad" testId="3259dd0b-0136-4100-5684-d26e7d815d92" testName="UnitTestsBiblioMate.Controllers.GenresControllerTest.GetGenre_ShouldReturnOkWhenFound" computerName="0fc890f1414e" duration="00:00:00.0014826" startTime="2025-09-27T18:51:20.0524404+00:00" endTime="2025-09-27T18:51:20.0524405+00:00" testType="13cdc9d9-ddb5-4fa4-a97d-d965ccfc6d4b" outcome="Passed" testListId="8c84fa94-04c1-424b-9868-57a2d4851a1d" relativeResultsDirectory="19af39a4-62ed-4907-82ea-6d2d64c6bcad" />
    <UnitTestResult executionId="67ab4ca2-c08a-42a6-8d54-01457620ed66" testId="a2ad81b9-a89f-cd70-ac3c-1023b056d86e" testName="UnitTestsBiblioMate.Controllers.ReportsControllerTest.GetReport_Owner_ReturnsOk" computerName="0fc890f1414e" duration="00:00:00.0009133" startTime="2025-09-27T18:51:20.9342409+00:00" endTime="2025-09-27T18:51:20.9342409+00:00" testType="13cdc9d9-ddb5-4fa4-a97d-d965ccfc6d4b" outcome="Passed" testListId="8c84fa94-04c1-424b-9868-57a2d4851a1d" relativeResultsDirectory="67ab4ca2-c08a-42a6-8d54-01457620ed66" />
    <UnitTestResult executionId="b564edf5-bc28-4633-81fc-1a0ba258aa3f" testId="f04e9a90-88b2-ced5-7d69-5c4ba9eb7168" testName="UnitTestsBiblioMate.Controllers.ReportsControllerTest.UpdateReport_IdMismatch_ReturnsBadRequest" computerName="0fc890f1414e" duration="00:00:00.0012393" startTime="2025-09-27T18:51:20.9260503+00:00" endTime="2025-09-27T18:51:20.9260504+00:00" testType="13cdc9d9-ddb5-4fa4-a97d-d965ccfc6d4b" outcome="Passed" testListId="8c84fa94-04c1-424b-9868-57a2d4851a1d" relativeResultsDirectory="b564edf5-bc28-4633-81fc-1a0ba258aa3f" />
    <UnitTestResult executionId="6c31ff01-8763-49c8-8920-7f17a4f17006" testId="caa634ff-905f-8e0f-9839-72cce6759d12" testName="UnitTestsBiblioMate.Services.Catalog.GenreServiceTest.GetByIdAsync_ShouldReturnError_WhenNotExists" computerName="0fc890f1414e" duration="00:00:00.0046900" startTime="2025-09-27T18:51:20.9314712+00:00" endTime="2025-09-27T18:51:20.9314712+00:00" testType="13cdc9d9-ddb5-4fa4-a97d-d965ccfc6d4b" outcome="Passed" testListId="8c84fa94-04c1-424b-9868-57a2d4851a1d" relativeResultsDirectory="6c31ff01-8763-49c8-8920-7f17a4f17006" />
    <UnitTestResult executionId="04ec20b9-d79c-4450-b922-acdd20d8c549" testId="2378a6e5-a656-6660-d63c-8f6e33871649" testName="UnitTestsBiblioMate.Helpers.PagedResultTests.TotalPages_ComputedCorrectly" computerName="0fc890f1414e" duration="00:00:00.0000618" startTime="2025-09-27T18:51:20.1319937+00:00" endTime="2025-09-27T18:51:20.1319937+00:00" testType="13cdc9d9-ddb5-4fa4-a97d-d965ccfc6d4b" outcome="Passed" testListId="8c84fa94-04c1-424b-9868-57a2d4851a1d" relativeResultsDirectory="04ec20b9-d79c-4450-b922-acdd20d8c549" />
    <UnitTestResult executionId="2804a09f-53c8-4927-aba2-bad21713da8c" testId="6e476339-5cb5-3322-a9ed-c2fe4bdbd5a9" testName="UnitTestsBiblioMate.Services.Reports.ReportServiceTest.DeleteAsync_ShouldRemoveReport_WhenExists" computerName="0fc890f1414e" duration="00:00:00.0046711" startTime="2025-09-27T18:51:20.9537643+00:00" endTime="2025-09-27T18:51:20.9537644+00:00" testType="13cdc9d9-ddb5-4fa4-a97d-d965ccfc6d4b" outcome="Passed" testListId="8c84fa94-04c1-424b-9868-57a2d4851a1d" relativeResultsDirectory="2804a09f-53c8-4927-aba2-bad21713da8c" />
    <UnitTestResult executionId="699f3100-c735-409e-99f3-8d268cb009b5" testId="fe498020-9c82-9155-348d-c021ada3b94e" testName="UnitTestsBiblioMate.Services.Catalog.GenreServiceTest.DeleteAsync_ShouldRemoveGenre_WhenExists" computerName="0fc890f1414e" duration="00:00:00.0064867" startTime="2025-09-27T18:51:20.9462947+00:00" endTime="2025-09-27T18:51:20.9462947+00:00" testType="13cdc9d9-ddb5-4fa4-a97d-d965ccfc6d4b" outcome="Passed" testListId="8c84fa94-04c1-424b-9868-57a2d4851a1d" relativeResultsDirectory="699f3100-c735-409e-99f3-8d268cb009b5" />
    <UnitTestResult executionId="e4129cab-3ad1-44bd-aff8-2a058937d9f9" testId="09835a22-8289-18e2-506c-c22239cd6174" testName="UnitTestsBiblioMate.Controllers.ReportsControllerTest.GetReports_AsPrivileged_ReturnsOk(role: &quot;Librarian&quot;)" computerName="0fc890f1414e" duration="00:00:00.0047646" startTime="2025-09-27T18:51:20.9169966+00:00" endTime="2025-09-27T18:51:20.9169966+00:00" testType="13cdc9d9-ddb5-4fa4-a97d-d965ccfc6d4b" outcome="Passed" testListId="8c84fa94-04c1-424b-9868-57a2d4851a1d" relativeResultsDirectory="e4129cab-3ad1-44bd-aff8-2a058937d9f9" />
    <UnitTestResult executionId="3b44f897-aa4c-4eb4-bea0-89e40a93486d" testId="048862e4-5e07-466a-78b6-adc4e0ad6b96" testName="UnitTestsBiblioMate.Services.Users.AuthServiceTests.ResendConfirmationAsync_UserNotFound_ShouldReturnGenericOk_NoEmailSent" computerName="0fc890f1414e" duration="00:00:00.0011853" startTime="2025-09-27T18:51:22.1702268+00:00" endTime="2025-09-27T18:51:22.1702269+00:00" testType="13cdc9d9-ddb5-4fa4-a97d-d965ccfc6d4b" outcome="Passed" testListId="8c84fa94-04c1-424b-9868-57a2d4851a1d" relativeResultsDirectory="3b44f897-aa4c-4eb4-bea0-89e40a93486d" />
    <UnitTestResult executionId="178c9057-ae3c-48be-8c99-ca2df8eacc27" testId="64493132-5583-6d62-3163-8d076c22b4fb" testName="UnitTestsBiblioMate.Services.Loans.LoanServiceTests.CreateAsync_ShouldFail_WhenMaxActiveLoansReached" computerName="0fc890f1414e" duration="00:00:00.0055085" startTime="2025-09-27T18:51:20.9569256+00:00" endTime="2025-09-27T18:51:20.9569257+00:00" testType="13cdc9d9-ddb5-4fa4-a97d-d965ccfc6d4b" outcome="Passed" testListId="8c84fa94-04c1-424b-9868-57a2d4851a1d" relativeResultsDirectory="178c9057-ae3c-48be-8c99-ca2df8eacc27" />
    <UnitTestResult executionId="04a46889-d0c8-4bcb-9a5c-2055140e13f9" testId="d9325be5-57f6-60b3-d4c6-1efcb193d1ff" testName="UnitTestsBiblioMate.Controllers.NotificationsControllerTest.CreateNotification_AsLibrarian_CreatesAndDispatches" computerName="0fc890f1414e" duration="00:00:00.0131095" startTime="2025-09-27T18:51:20.9607305+00:00" endTime="2025-09-27T18:51:20.9607306+00:00" testType="13cdc9d9-ddb5-4fa4-a97d-d965ccfc6d4b" outcome="Passed" testListId="8c84fa94-04c1-424b-9868-57a2d4851a1d" relativeResultsDirectory="04a46889-d0c8-4bcb-9a5c-2055140e13f9" />
    <UnitTestResult executionId="f4815b9c-94f8-4892-bc9c-78b76bce9e08" testId="6ed484fd-23b0-8de3-93f4-2994e69a8356" testName="UnitTestsBiblioMate.Controllers.UsersControllerTest.DeleteCurrentUser_NotFound_Returns404" computerName="0fc890f1414e" duration="00:00:00.0033010" startTime="2025-09-27T18:51:20.8538443+00:00" endTime="2025-09-27T18:51:20.8538443+00:00" testType="13cdc9d9-ddb5-4fa4-a97d-d965ccfc6d4b" outcome="Passed" testListId="8c84fa94-04c1-424b-9868-57a2d4851a1d" relativeResultsDirectory="f4815b9c-94f8-4892-bc9c-78b76bce9e08" />
    <UnitTestResult executionId="ba76ac98-8645-48db-ae0e-e7a78497f6e2" testId="b47cdc3e-049c-cd5c-c2c7-31cde378a497" testName="UnitTestsBiblioMate.Controllers.GenresControllerTest.UpdateGenre_ShouldReturnNoContentWhenSuccess" computerName="0fc890f1414e" duration="00:00:00.0036417" startTime="2025-09-27T18:51:20.0606799+00:00" endTime="2025-09-27T18:51:20.0606799+00:00" testType="13cdc9d9-ddb5-4fa4-a97d-d965ccfc6d4b" outcome="Passed" testListId="8c84fa94-04c1-424b-9868-57a2d4851a1d" relativeResultsDirectory="ba76ac98-8645-48db-ae0e-e7a78497f6e2" />
    <UnitTestResult executionId="10e6886d-d636-4788-8374-6365736cf093" testId="85107d46-fb2b-2d25-08f4-1bb1728036b3" testName="UnitTestsBiblioMate.Helpers.PagedResultTests.Create_NullItems_TreatsAsEmpty" computerName="0fc890f1414e" duration="00:00:00.0008227" startTime="2025-09-27T18:51:20.1317782+00:00" endTime="2025-09-27T18:51:20.1317782+00:00" testType="13cdc9d9-ddb5-4fa4-a97d-d965ccfc6d4b" outcome="Passed" testListId="8c84fa94-04c1-424b-9868-57a2d4851a1d" relativeResultsDirectory="10e6886d-d636-4788-8374-6365736cf093" />
    <UnitTestResult executionId="d29b9e72-f773-4181-a092-1e559148c437" testId="39f048c9-7e2d-efec-b9d9-d75c385753c3" testName="UnitTestsBiblioMate.Controllers.AuthsControllerTest.Login_ShouldReturnOkOnSuccess" computerName="0fc890f1414e" duration="00:00:00.0034149" startTime="2025-09-27T18:51:20.9545891+00:00" endTime="2025-09-27T18:51:20.9545892+00:00" testType="13cdc9d9-ddb5-4fa4-a97d-d965ccfc6d4b" outcome="Passed" testListId="8c84fa94-04c1-424b-9868-57a2d4851a1d" relativeResultsDirectory="d29b9e72-f773-4181-a092-1e559148c437" />
    <UnitTestResult executionId="cfe867c5-4122-4666-b154-a0cf6e2ba7f5" testId="63bd5a7d-f0f5-655e-dada-410c7c4e4210" testName="UnitTestsBiblioMate.Services.Catalog.ZonesServiceTests.GetByIdAsync_ShouldReturnZone_WhenExists" computerName="0fc890f1414e" duration="00:00:00.0020514" startTime="2025-09-27T18:51:20.7423765+00:00" endTime="2025-09-27T18:51:20.7423766+00:00" testType="13cdc9d9-ddb5-4fa4-a97d-d965ccfc6d4b" outcome="Passed" testListId="8c84fa94-04c1-424b-9868-57a2d4851a1d" relativeResultsDirectory="cfe867c5-4122-4666-b154-a0cf6e2ba7f5">
      <Output>
        <StdOut>=== GetByIdAsync (exists): START ===
Found Zone: 1 - Sciences
=== GetByIdAsync (exists): END ===</StdOut>
      </Output>
    </UnitTestResult>
    <UnitTestResult executionId="8d93ccd0-2f67-4152-9591-778d59849467" testId="f583ac8a-6e80-7543-3848-0d8e129c0466" testName="UnitTestsBiblioMate.Controllers.StocksControllerTest.GetStock_Exists_ReturnsOk" computerName="0fc890f1414e" duration="00:00:00.0320914" startTime="2025-09-27T18:51:20.7468346+00:00" endTime="2025-09-27T18:51:20.7468347+00:00" testType="13cdc9d9-ddb5-4fa4-a97d-d965ccfc6d4b" outcome="Passed" testListId="8c84fa94-04c1-424b-9868-57a2d4851a1d" relativeResultsDirectory="8d93ccd0-2f67-4152-9591-778d59849467" />
    <UnitTestResult executionId="98d391a4-ec79-4f86-abf3-b25a55e2a4d6" testId="ad556fa6-be3b-2fd9-3842-247407f62908" testName="UnitTestsBiblioMate.Controllers.EditorsControllerTest.CreateEditor_ShouldReturnServiceResult" computerName="0fc890f1414e" duration="00:00:00.0048382" startTime="2025-09-27T18:51:20.0323601+00:00" endTime="2025-09-27T18:51:20.0323601+00:00" testType="13cdc9d9-ddb5-4fa4-a97d-d965ccfc6d4b" outcome="Passed" testListId="8c84fa94-04c1-424b-9868-57a2d4851a1d" relativeResultsDirectory="98d391a4-ec79-4f86-abf3-b25a55e2a4d6" />
    <UnitTestResult executionId="97eecbbf-2f9b-4a79-959e-cbcf033d225f" testId="3b76c26d-19fa-be9a-0838-d59a98851d60" testName="UnitTestsBiblioMate.Services.Loans.ReservationServiceTest.GetByIdAsync_ShouldReturnNull_WhenNotFound" computerName="0fc890f1414e" duration="00:00:00.0022263" startTime="2025-09-27T18:51:20.9918834+00:00" endTime="2025-09-27T18:51:20.9918835+00:00" testType="13cdc9d9-ddb5-4fa4-a97d-d965ccfc6d4b" outcome="Passed" testListId="8c84fa94-04c1-424b-9868-57a2d4851a1d" relativeResultsDirectory="97eecbbf-2f9b-4a79-959e-cbcf033d225f" />
    <UnitTestResult executionId="ea3820f9-c974-4361-9145-4a8e714c1589" testId="596d67de-32af-58f6-0a72-83002f11cdb3" testName="UnitTestsBiblioMate.Controllers.UsersControllerTest.UpdateUserRole_Success_ReturnsOkAndLogs" computerName="0fc890f1414e" duration="00:00:00.0044973" startTime="2025-09-27T18:51:21.0545526+00:00" endTime="2025-09-27T18:51:21.0545527+00:00" testType="13cdc9d9-ddb5-4fa4-a97d-d965ccfc6d4b" outcome="Passed" testListId="8c84fa94-04c1-424b-9868-57a2d4851a1d" relativeResultsDirectory="ea3820f9-c974-4361-9145-4a8e714c1589" />
    <UnitTestResult executionId="021cb771-d682-497c-af3f-ea28e31e9fa6" testId="c7d8863a-c917-0288-6c73-44b79198ed9f" testName="UnitTestsBiblioMate.Controllers.AuthsControllerTest.ConfirmEmail_ShouldReturnOkOnSuccess" computerName="0fc890f1414e" duration="00:00:00.0094461" startTime="2025-09-27T18:51:20.9421192+00:00" endTime="2025-09-27T18:51:20.9421193+00:00" testType="13cdc9d9-ddb5-4fa4-a97d-d965ccfc6d4b" outcome="Passed" testListId="8c84fa94-04c1-424b-9868-57a2d4851a1d" relativeResultsDirectory="021cb771-d682-497c-af3f-ea28e31e9fa6" />
    <UnitTestResult executionId="5a6d32b9-319b-49ef-b9e7-e4db341f4368" testId="09004056-0c9e-e768-3adc-f191843269f6" testName="UnitTestsBiblioMate.Services.Loans.ReservationServiceTest.UpdateAsync_ShouldReturnTrue_WhenExists" computerName="0fc890f1414e" duration="00:00:00.0131217" startTime="2025-09-27T18:51:20.9378660+00:00" endTime="2025-09-27T18:51:20.9378660+00:00" testType="13cdc9d9-ddb5-4fa4-a97d-d965ccfc6d4b" outcome="Passed" testListId="8c84fa94-04c1-424b-9868-57a2d4851a1d" relativeResultsDirectory="5a6d32b9-319b-49ef-b9e7-e4db341f4368" />
    <UnitTestResult executionId="e8e51f86-baec-4eef-99ad-bac76d28b804" testId="f6d666f0-08e6-159e-e716-2cef9bc86a91" testName="UnitTestsBiblioMate.Services.Catalog.EditorServiceTest.DeleteAsync_ShouldReturnFalse_WhenNotExists" computerName="0fc890f1414e" duration="00:00:00.0011317" startTime="2025-09-27T18:51:20.9459227+00:00" endTime="2025-09-27T18:51:20.9459228+00:00" testType="13cdc9d9-ddb5-4fa4-a97d-d965ccfc6d4b" outcome="Passed" testListId="8c84fa94-04c1-424b-9868-57a2d4851a1d" relativeResultsDirectory="e8e51f86-baec-4eef-99ad-bac76d28b804" />
    <UnitTestResult executionId="805ecb1c-7831-4764-a02e-35f84f4ca19d" testId="17da5238-4eaa-170d-4240-4070670f5890" testName="UnitTestsBiblioMate.Controllers.StocksControllerTest.AdjustStockQuantity_Success_ReturnsOk" computerName="0fc890f1414e" duration="00:00:00.7687191" startTime="2025-09-27T18:51:20.6756773+00:00" endTime="2025-09-27T18:51:20.6756773+00:00" testType="13cdc9d9-ddb5-4fa4-a97d-d965ccfc6d4b" outcome="Passed" testListId="8c84fa94-04c1-424b-9868-57a2d4851a1d" relativeResultsDirectory="805ecb1c-7831-4764-a02e-35f84f4ca19d" />
    <UnitTestResult executionId="d63df9ce-fef9-4aa6-823a-546b8ab243f1" testId="d7b96586-8779-d2ec-9ac9-b94ab77205d6" testName="UnitTestsBiblioMate.Services.Catalog.ZonesServiceTests.CreateAsync_ShouldAddZone" computerName="0fc890f1414e" duration="00:00:00.5571448" startTime="2025-09-27T18:51:20.6879885+00:00" endTime="2025-09-27T18:51:20.6879886+00:00" testType="13cdc9d9-ddb5-4fa4-a97d-d965ccfc6d4b" outcome="Passed" testListId="8c84fa94-04c1-424b-9868-57a2d4851a1d" relativeResultsDirectory="d63df9ce-fef9-4aa6-823a-546b8ab243f1">
      <Output>
        <StdOut>=== CreateAsync: START ===
Created Zone: 1 - Zone A
=== CreateAsync: END ===</StdOut>
      </Output>
    </UnitTestResult>
    <UnitTestResult executionId="886b4669-855b-420d-8784-7c7b35c053d5" testId="0f41d15f-dee9-6d9d-a89a-fade550c7f45" testName="UnitTestsBiblioMate.Controllers.LoansControllerTest.GetAll_ShouldReturnBadRequestWhenError" computerName="0fc890f1414e" duration="00:00:00.0042837" startTime="2025-09-27T18:51:20.8606906+00:00" endTime="2025-09-27T18:51:20.8606907+00:00" testType="13cdc9d9-ddb5-4fa4-a97d-d965ccfc6d4b" outcome="Passed" testListId="8c84fa94-04c1-424b-9868-57a2d4851a1d" relativeResultsDirectory="886b4669-855b-420d-8784-7c7b35c053d5" />
    <UnitTestResult executionId="0a540009-14a0-4438-96ae-9ae5c4cf86a1" testId="fed6e063-ef18-7960-eaa5-1623b9431779" testName="UnitTestsBiblioMate.Controllers.ShelvesControllerTest.GetShelf_Exists_ReturnsOk" computerName="0fc890f1414e" duration="00:00:00.0014991" startTime="2025-09-27T18:51:20.8232168+00:00" endTime="2025-09-27T18:51:20.8232168+00:00" testType="13cdc9d9-ddb5-4fa4-a97d-d965ccfc6d4b" outcome="Passed" testListId="8c84fa94-04c1-424b-9868-57a2d4851a1d" relativeResultsDirectory="0a540009-14a0-4438-96ae-9ae5c4cf86a1" />
    <UnitTestResult executionId="a376f741-5cb3-4164-a532-4a73bbfef975" testId="8daf6457-39cc-3ade-27fa-797e779e918f" testName="UnitTestsBiblioMate.Controllers.ReservationsControllerTest.UpdateReservation_Success_ReturnsNoContent" computerName="0fc890f1414e" duration="00:00:00.0013551" startTime="2025-09-27T18:51:20.1142816+00:00" endTime="2025-09-27T18:51:20.1142816+00:00" testType="13cdc9d9-ddb5-4fa4-a97d-d965ccfc6d4b" outcome="Passed" testListId="8c84fa94-04c1-424b-9868-57a2d4851a1d" relativeResultsDirectory="a376f741-5cb3-4164-a532-4a73bbfef975" />
    <UnitTestResult executionId="dc370494-4344-43ea-bec9-465742640bec" testId="5358c26d-0580-68de-5bd7-9823ce192502" testName="UnitTestsBiblioMate.Controllers.ShelfLevelsControllerTest.DeleteShelfLevel_Success_ReturnsNoContent" computerName="0fc890f1414e" duration="00:00:00.0039085" startTime="2025-09-27T18:51:20.7374217+00:00" endTime="2025-09-27T18:51:20.7374218+00:00" testType="13cdc9d9-ddb5-4fa4-a97d-d965ccfc6d4b" outcome="Passed" testListId="8c84fa94-04c1-424b-9868-57a2d4851a1d" relativeResultsDirectory="dc370494-4344-43ea-bec9-465742640bec" />
    <UnitTestResult executionId="3a087f04-bdd0-4517-abbb-a88d912d8b26" testId="7cce3fce-70cd-4a79-a1f0-c7205c454c6a" testName="UnitTestsBiblioMate.Services.Catalog.ZonesServiceTests.UpdateAsync_ShouldModifyZone_WhenExists" computerName="0fc890f1414e" duration="00:00:00.0018689" startTime="2025-09-27T18:51:20.7484926+00:00" endTime="2025-09-27T18:51:20.7484926+00:00" testType="13cdc9d9-ddb5-4fa4-a97d-d965ccfc6d4b" outcome="Passed" testListId="8c84fa94-04c1-424b-9868-57a2d4851a1d" relativeResultsDirectory="3a087f04-bdd0-4517-abbb-a88d912d8b26">
      <Output>
        <StdOut>=== UpdateAsync (success): START ===
Success: True, Updated: Zone E - Updated - New description
=== UpdateAsync (success): END ===</StdOut>
      </Output>
    </UnitTestResult>
    <UnitTestResult executionId="6dae1612-975d-4472-bf73-254cacffc72d" testId="2ac1d93a-842c-4c94-de53-449a41f91da2" testName="UnitTestsBiblioMate.Services.Catalog.ZonesServiceTests.DeleteAsync_ShouldRemoveZone_WhenExists" computerName="0fc890f1414e" duration="00:00:00.0279260" startTime="2025-09-27T18:51:20.7158763+00:00" endTime="2025-09-27T18:51:20.7158763+00:00" testType="13cdc9d9-ddb5-4fa4-a97d-d965ccfc6d4b" outcome="Passed" testListId="8c84fa94-04c1-424b-9868-57a2d4851a1d" relativeResultsDirectory="6dae1612-975d-4472-bf73-254cacffc72d">
      <Output>
        <StdOut>=== DeleteAsync (success): START ===
Success: True
=== DeleteAsync (success): END ===</StdOut>
      </Output>
    </UnitTestResult>
    <UnitTestResult executionId="2198b7ed-db24-48f8-9811-fac269800fc5" testId="a5545432-3c78-0651-1f2d-d21157061201" testName="UnitTestsBiblioMate.Controllers.AuthsControllerTest.RequestPasswordReset_ShouldReturnNotFoundOnFailure" computerName="0fc890f1414e" duration="00:00:00.0024373" startTime="2025-09-27T18:51:20.9869594+00:00" endTime="2025-09-27T18:51:20.9869595+00:00" testType="13cdc9d9-ddb5-4fa4-a97d-d965ccfc6d4b" outcome="Passed" testListId="8c84fa94-04c1-424b-9868-57a2d4851a1d" relativeResultsDirectory="2198b7ed-db24-48f8-9811-fac269800fc5" />
    <UnitTestResult executionId="9e126517-3a5f-4a78-98c8-e2ae2a33b865" testId="471c3d96-55e9-af24-cd4f-1556eb9e816f" testName="UnitTestsBiblioMate.Controllers.LocationsControllerTest.GetLevels_ShouldReturnOk_WhenFound" computerName="0fc890f1414e" duration="00:00:00.0045411" startTime="2025-09-27T18:51:20.0690079+00:00" endTime="2025-09-27T18:51:20.0690079+00:00" testType="13cdc9d9-ddb5-4fa4-a97d-d965ccfc6d4b" outcome="Passed" testListId="8c84fa94-04c1-424b-9868-57a2d4851a1d" relativeResultsDirectory="9e126517-3a5f-4a78-98c8-e2ae2a33b865" />
    <UnitTestResult executionId="9f13c3e6-3c13-4b59-aed4-ac84c60fe2b8" testId="bb61efaa-3a9e-0e85-e6f2-eec9388f1cbe" testName="UnitTestsBiblioMate.Services.Infrastructure.External.GoogleBooksServiceTest.SearchAsync_InvalidTerm_ThrowsArgumentException(term: &quot;   &quot;)" computerName="0fc890f1414e" duration="00:00:00.0000955" startTime="2025-09-27T18:51:21.0145140+00:00" endTime="2025-09-27T18:51:21.0145141+00:00" testType="13cdc9d9-ddb5-4fa4-a97d-d965ccfc6d4b" outcome="Passed" testListId="8c84fa94-04c1-424b-9868-57a2d4851a1d" relativeResultsDirectory="9f13c3e6-3c13-4b59-aed4-ac84c60fe2b8" />
    <UnitTestResult executionId="a6e27ad1-3a86-408f-8bf8-ddea3b8172e1" testId="ad69ce10-824a-af09-c8b0-ddacbb84000b" testName="UnitTestsBiblioMate.Controllers.LocationsControllerTest.GetLevels_ShouldReturnNotFound_WhenEmpty" computerName="0fc890f1414e" duration="00:00:00.0021081" startTime="2025-09-27T18:51:20.0765063+00:00" endTime="2025-09-27T18:51:20.0765063+00:00" testType="13cdc9d9-ddb5-4fa4-a97d-d965ccfc6d4b" outcome="Passed" testListId="8c84fa94-04c1-424b-9868-57a2d4851a1d" relativeResultsDirectory="a6e27ad1-3a86-408f-8bf8-ddea3b8172e1" />
    <UnitTestResult executionId="d4e646d7-ec18-472c-9fa9-748137299777" testId="175b396a-128f-02f6-c512-d3f8aaeb922e" testName="UnitTestsBiblioMate.Services.Loans.LoanServiceTests.DeleteAsync_ShouldFail_WhenNotFound" computerName="0fc890f1414e" duration="00:00:00.0141750" startTime="2025-09-27T18:51:20.9710832+00:00" endTime="2025-09-27T18:51:20.9710832+00:00" testType="13cdc9d9-ddb5-4fa4-a97d-d965ccfc6d4b" outcome="Passed" testListId="8c84fa94-04c1-424b-9868-57a2d4851a1d" relativeResultsDirectory="d4e646d7-ec18-472c-9fa9-748137299777" />
    <UnitTestResult executionId="d5843bcb-0664-45f7-ae95-798b43a7db4b" testId="6576e265-8a26-5f2f-8e48-bbdea7ff7295" testName="UnitTestsBiblioMate.Controllers.AuthsControllerTest.Login_ShouldReturnUnauthorizedOnFailure" computerName="0fc890f1414e" duration="00:00:00.0041802" startTime="2025-09-27T18:51:20.9612748+00:00" endTime="2025-09-27T18:51:20.9612749+00:00" testType="13cdc9d9-ddb5-4fa4-a97d-d965ccfc6d4b" outcome="Passed" testListId="8c84fa94-04c1-424b-9868-57a2d4851a1d" relativeResultsDirectory="d5843bcb-0664-45f7-ae95-798b43a7db4b" />
    <UnitTestResult executionId="cb1f52c3-5211-4875-94a2-8c0afe78295e" testId="16a70cd6-81c3-fbf5-757d-c43c45bf7cf0" testName="UnitTestsBiblioMate.Controllers.TagsControllerTest.GetTag_Exists_ReturnsOk" computerName="0fc890f1414e" duration="00:00:00.0056943" startTime="2025-09-27T18:51:20.0127826+00:00" endTime="2025-09-27T18:51:20.0127826+00:00" testType="13cdc9d9-ddb5-4fa4-a97d-d965ccfc6d4b" outcome="Passed" testListId="8c84fa94-04c1-424b-9868-57a2d4851a1d" relativeResultsDirectory="cb1f52c3-5211-4875-94a2-8c0afe78295e" />
    <UnitTestResult executionId="d4155ace-92dd-4be6-99a7-829a895a6091" testId="026b2b80-fab9-3afb-dabb-09e9ae4db8e2" testName="UnitTestsBiblioMate.Services.Users.UserServiceTests.UpdateAsync_ShouldModifyUser_WhenExists" computerName="0fc890f1414e" duration="00:00:00.0013542" startTime="2025-09-27T18:51:21.2538910+00:00" endTime="2025-09-27T18:51:21.2538910+00:00" testType="13cdc9d9-ddb5-4fa4-a97d-d965ccfc6d4b" outcome="Passed" testListId="8c84fa94-04c1-424b-9868-57a2d4851a1d" relativeResultsDirectory="d4155ace-92dd-4be6-99a7-829a895a6091">
      <Output>
        <StdOut>=== UpdateAsync (success): START ===
Success: True
=== UpdateAsync (success): END ===</StdOut>
      </Output>
    </UnitTestResult>
    <UnitTestResult executionId="4a6218cd-93fa-429a-a238-7ac663323fea" testId="1544607d-f5b5-63ff-02eb-d47b3c99bca8" testName="UnitTestsBiblioMate.Controllers.UsersControllerTest.GetUser_NotFound_Returns404" computerName="0fc890f1414e" duration="00:00:00.0013803" startTime="2025-09-27T18:51:21.0395865+00:00" endTime="2025-09-27T18:51:21.0395865+00:00" testType="13cdc9d9-ddb5-4fa4-a97d-d965ccfc6d4b" outcome="Passed" testListId="8c84fa94-04c1-424b-9868-57a2d4851a1d" relativeResultsDirectory="4a6218cd-93fa-429a-a238-7ac663323fea" />
    <UnitTestResult executionId="350e1374-97cc-46dc-976d-39b8b4f1a173" testId="c9698918-aeaf-7890-1ae0-9dd3b2019262" testName="UnitTestsBiblioMate.Controllers.BooksControllerTest.GetBook_ShouldReturnOkWhenFound" computerName="0fc890f1414e" duration="00:00:00.0020508" startTime="2025-09-27T18:51:20.0854895+00:00" endTime="2025-09-27T18:51:20.0854895+00:00" testType="13cdc9d9-ddb5-4fa4-a97d-d965ccfc6d4b" outcome="Passed" testListId="8c84fa94-04c1-424b-9868-57a2d4851a1d" relativeResultsDirectory="350e1374-97cc-46dc-976d-39b8b4f1a173" />
    <UnitTestResult executionId="2dfe9ce4-3b7a-4ecb-ab18-63e46f637a3c" testId="aa3ab553-6858-d8b8-516a-d515f3b67ec7" testName="UnitTestsBiblioMate.Services.Loans.LoanServiceTests.ReturnAsync_ShouldFail_WhenLoanNotFound" computerName="0fc890f1414e" duration="00:00:00.0010428" startTime="2025-09-27T18:51:21.0485259+00:00" endTime="2025-09-27T18:51:21.0485259+00:00" testType="13cdc9d9-ddb5-4fa4-a97d-d965ccfc6d4b" outcome="Passed" testListId="8c84fa94-04c1-424b-9868-57a2d4851a1d" relativeResultsDirectory="2dfe9ce4-3b7a-4ecb-ab18-63e46f637a3c" />
    <UnitTestResult executionId="de45bd69-ded3-4c4b-a620-e18653d3a6e6" testId="25294366-57d5-e232-01fe-9df6f0b2e71c" testName="UnitTestsBiblioMate.Services.Loans.ReservationServiceTest.CreateAsync_ShouldThrowUnauthorized_WhenUserMismatch" computerName="0fc890f1414e" duration="00:00:00.0058722" startTime="2025-09-27T18:51:20.7640529+00:00" endTime="2025-09-27T18:51:20.7640529+00:00" testType="13cdc9d9-ddb5-4fa4-a97d-d965ccfc6d4b" outcome="Passed" testListId="8c84fa94-04c1-424b-9868-57a2d4851a1d" relativeResultsDirectory="de45bd69-ded3-4c4b-a620-e18653d3a6e6" />
[...]
    <TestEntry testId="b3512a68-ca79-0664-cf66-babca336ba18" executionId="f6c45ba9-3ace-4862-8643-42ad7c0dbe6c" testListId="8c84fa94-04c1-424b-9868-57a2d4851a1d" />
    <TestEntry testId="5458d49f-4af0-39c2-10f2-62cf97b0ac65" executionId="961a7a12-acb1-4ca4-b0a4-12886b02b8fb" testListId="8c84fa94-04c1-424b-9868-57a2d4851a1d" />
    <TestEntry testId="ae82fee3-b605-0918-81f7-e34d2846c5da" executionId="b852f859-2c50-46e0-9a69-861ab966b58f" testListId="8c84fa94-04c1-424b-9868-57a2d4851a1d" />
    <TestEntry testId="af642250-9548-d717-a4ed-0903d633f956" executionId="cf05a1ac-c6e2-4606-9136-e94b99c38809" testListId="8c84fa94-04c1-424b-9868-57a2d4851a1d" />
    <TestEntry testId="7b9dc9d3-3c77-bb90-9f5d-19cc444fa20c" executionId="f519cad6-eb80-4734-a677-7762db618455" testListId="8c84fa94-04c1-424b-9868-57a2d4851a1d" />
    <TestEntry testId="53b3fadc-4987-f2b0-2f69-b27b3dd84624" executionId="5e5dfae9-b654-4cbf-8807-95717cd0fb89" testListId="8c84fa94-04c1-424b-9868-57a2d4851a1d" />
    <TestEntry testId="46461ac9-45e6-bd55-f5b7-c4c8b88626ae" executionId="364ada82-62b7-4b5e-8a30-f79df6a93041" testListId="8c84fa94-04c1-424b-9868-57a2d4851a1d" />
    <TestEntry testId="129a291b-465d-750e-c7fd-a637fb54aeec" executionId="be6e4579-4990-4ad9-8b42-58d444350297" testListId="8c84fa94-04c1-424b-9868-57a2d4851a1d" />
    <TestEntry testId="718575dd-3c49-634b-0b7d-c855ffca3814" executionId="43631b4f-5f46-4f68-b9cc-a1c79797c5b5" testListId="8c84fa94-04c1-424b-9868-57a2d4851a1d" />
    <TestEntry testId="920dd7e9-d5ea-f5e8-22ab-5c7908b6e2b1" executionId="0fe14914-1c18-49e0-8085-eedaf1813264" testListId="8c84fa94-04c1-424b-9868-57a2d4851a1d" />
    <TestEntry testId="14ec89d4-429a-f1fc-2a97-da62ec567ebb" executionId="e7859d4f-9d88-4b43-8b14-29ac635c99b0" testListId="8c84fa94-04c1-424b-9868-57a2d4851a1d" />
    <TestEntry testId="6acaff37-be0c-8419-d7d0-8bb5e83545b6" executionId="ffddc128-bfd7-43d0-b57d-06735f918710" testListId="8c84fa94-04c1-424b-9868-57a2d4851a1d" />
    <TestEntry testId="e3cd0309-82d4-eb3a-4c53-c5ab2f6fe421" executionId="ca2cad16-ee84-468c-ab55-3c6e673bcb4f" testListId="8c84fa94-04c1-424b-9868-57a2d4851a1d" />
    <TestEntry testId="ebc12f3d-2e8b-f318-5ee2-96998f2ed99a" executionId="70960513-84f8-4f62-97d8-1346e1282e20" testListId="8c84fa94-04c1-424b-9868-57a2d4851a1d" />
    <TestEntry testId="c6d27de4-08b0-449b-7052-ac420adfd569" executionId="b7f8407d-15a9-412a-81a6-34250bb26122" testListId="8c84fa94-04c1-424b-9868-57a2d4851a1d" />
    <TestEntry testId="dc762c1f-bd5b-4835-280d-32d8169513b1" executionId="a779e37d-e56a-484e-9798-c9a02b933c7d" testListId="8c84fa94-04c1-424b-9868-57a2d4851a1d" />
    <TestEntry testId="6de24456-08f4-c6fe-1fce-d81ab3cce170" executionId="b026869b-e24d-4344-ad41-4b4536cee617" testListId="8c84fa94-04c1-424b-9868-57a2d4851a1d" />
    <TestEntry testId="7f116010-0c34-b7a3-598b-b641d920876b" executionId="760a721a-fce2-4b7f-8883-36f6ec541478" testListId="8c84fa94-04c1-424b-9868-57a2d4851a1d" />
    <TestEntry testId="6d550664-614f-b552-2121-2fd45002e80b" executionId="9f27bb9c-fe1e-44dc-9633-eaed3aa5989f" testListId="8c84fa94-04c1-424b-9868-57a2d4851a1d" />
    <TestEntry testId="6299cf0b-90ba-cb08-c4eb-4d113d066223" executionId="1c983e16-0681-439e-af72-c3f3c5e6e56b" testListId="8c84fa94-04c1-424b-9868-57a2d4851a1d" />
    <TestEntry testId="14b85bfd-2089-ff50-f34f-7bd7eb7fb5c6" executionId="b0233ad3-f9b9-4711-8390-cf047f10d15b" testListId="8c84fa94-04c1-424b-9868-57a2d4851a1d" />
    <TestEntry testId="da619934-aff0-7ca9-cb05-15511907c510" executionId="1392ba4f-5d67-464c-bea2-a24f3d929600" testListId="8c84fa94-04c1-424b-9868-57a2d4851a1d" />
    <TestEntry testId="a9d864b1-4657-5024-0fff-54f9da18eb66" executionId="d412c35f-83b0-4eaa-99f0-410cd58557ff" testListId="8c84fa94-04c1-424b-9868-57a2d4851a1d" />
    <TestEntry testId="f0fa3579-f461-a413-44a5-5d76889a8be7" executionId="be5480a7-b887-4ea7-8cbe-2ed530a2a929" testListId="8c84fa94-04c1-424b-9868-57a2d4851a1d" />
    <TestEntry testId="991a84c8-f255-70f2-8fc1-36351edb67d8" executionId="a9ebd52b-cde6-4615-8238-a614e70bd728" testListId="8c84fa94-04c1-424b-9868-57a2d4851a1d" />
    <TestEntry testId="03b8e700-45ea-85d4-eda9-465ce3013627" executionId="bd149e07-58d3-479e-83c5-902d7a1bf20d" testListId="8c84fa94-04c1-424b-9868-57a2d4851a1d" />
    <TestEntry testId="55a0656b-17ed-7bb3-880e-671e5380bd48" executionId="bbb2e6a4-26b4-4c40-8623-32aa2f755da0" testListId="8c84fa94-04c1-424b-9868-57a2d4851a1d" />
    <TestEntry testId="8092ef74-e455-4d85-62af-18ee98f7a3af" executionId="734216b1-6697-415c-9022-ed3abcabcbf2" testListId="8c84fa94-04c1-424b-9868-57a2d4851a1d" />
    <TestEntry testId="3cc96931-b930-5043-760c-a9070e9bd0f3" executionId="458ffaef-1311-4ccc-8e1e-ae86e323b2c1" testListId="8c84fa94-04c1-424b-9868-57a2d4851a1d" />
    <TestEntry testId="7560d0d5-0c32-c836-592d-6842be7e9654" executionId="3fdffcbb-1824-4a7b-90f3-0c268832507b" testListId="8c84fa94-04c1-424b-9868-57a2d4851a1d" />
    <TestEntry testId="058c9896-adcf-5ff2-8be6-64665775177d" executionId="53fba16b-aa00-4f38-9407-b9553a302be8" testListId="8c84fa94-04c1-424b-9868-57a2d4851a1d" />
    <TestEntry testId="5fffbd0c-7b88-e2eb-efaf-d16dd896642e" executionId="70aa8d67-0fc6-42e5-a4c6-21e90ceb53c8" testListId="8c84fa94-04c1-424b-9868-57a2d4851a1d" />
    <TestEntry testId="6495e8fe-0f9c-11f7-bae9-25cc6d1bc160" executionId="6e5b90e2-4049-4ddb-acab-eeb9105017d6" testListId="8c84fa94-04c1-424b-9868-57a2d4851a1d" />
    <TestEntry testId="9782ed97-3150-f282-0b09-4ea654495e36" executionId="1891e0bd-2e97-4052-ae0a-178dac825ab4" testListId="8c84fa94-04c1-424b-9868-57a2d4851a1d" />
    <TestEntry testId="520757a3-4d69-e8dd-4dd0-5f6323fed1a6" executionId="05c8cd93-8d6f-4640-ad71-fb8090f010a2" testListId="8c84fa94-04c1-424b-9868-57a2d4851a1d" />
    <TestEntry testId="6bf5dc94-1c9e-55f5-9e6a-117cbbeeff0d" executionId="9b743c9b-2176-45c8-92bc-331f3642608e" testListId="8c84fa94-04c1-424b-9868-57a2d4851a1d" />
    <TestEntry testId="ed6cc4ca-e1e5-1490-ecfb-0efac58e164b" executionId="37861f0b-7d87-4cfe-9e8a-79249800d2dc" testListId="8c84fa94-04c1-424b-9868-57a2d4851a1d" />
    <TestEntry testId="d56c719a-d9fc-7362-eee2-f0ecb2883b8c" executionId="92e6307e-987b-4c8f-b317-579acd392fdc" testListId="8c84fa94-04c1-424b-9868-57a2d4851a1d" />
    <TestEntry testId="02da84d2-5b27-4e1b-9fa2-b7a58d22d9fa" executionId="b0c692a0-e4a8-419f-bb4c-ee1901a06461" testListId="8c84fa94-04c1-424b-9868-57a2d4851a1d" />
    <TestEntry testId="1066eae5-4d6c-9f8d-a7d4-461ec8dd8766" executionId="cd7e7b6c-eea2-46b7-a760-ac269766c61f" testListId="8c84fa94-04c1-424b-9868-57a2d4851a1d" />
    <TestEntry testId="5bd04e80-61ad-550f-35a7-28efd85a7c13" executionId="7bfd69ec-88e1-41e6-b19d-5b0ab43941fd" testListId="8c84fa94-04c1-424b-9868-57a2d4851a1d" />
    <TestEntry testId="92ce3f98-3fa1-fb39-b389-0f31984fe497" executionId="bf5ae2be-7602-4505-a893-92b7559ccf6a" testListId="8c84fa94-04c1-424b-9868-57a2d4851a1d" />
    <TestEntry testId="ca387944-1de5-c2fd-62ab-5510dbff29f1" executionId="8699424f-d614-4da7-81b0-9a570277dfb9" testListId="8c84fa94-04c1-424b-9868-57a2d4851a1d" />
    <TestEntry testId="e4a4ac97-023d-26dd-91ef-3fa821623f37" executionId="1982e420-9715-452b-8d2f-6dd2bb6072ba" testListId="8c84fa94-04c1-424b-9868-57a2d4851a1d" />
    <TestEntry testId="0549d529-f6e2-499b-6d16-3250d52ff9a2" executionId="f6daa03c-80e4-4ca9-b63f-83f419405acd" testListId="8c84fa94-04c1-424b-9868-57a2d4851a1d" />
    <TestEntry testId="01f36744-877e-12e6-bbb5-72ac2f5ca729" executionId="dba656c2-f187-4a48-be0c-d474a2f82fc0" testListId="8c84fa94-04c1-424b-9868-57a2d4851a1d" />
    <TestEntry testId="f5ee9c33-28c5-696b-802e-7511f0137f01" executionId="f30bfe1e-dedc-4245-b57e-8769d533d297" testListId="8c84fa94-04c1-424b-9868-57a2d4851a1d" />
    <TestEntry testId="33f52e02-ac78-0991-5fef-c8bdc94fe102" executionId="d90b07ab-d93e-4b90-9f47-6df315dfbc0e" testListId="8c84fa94-04c1-424b-9868-57a2d4851a1d" />
    <TestEntry testId="8f1fb100-34a7-c9e4-a630-f1d075bbbfde" executionId="47e8b9bd-2c15-4f1e-98cf-081d8db20ad6" testListId="8c84fa94-04c1-424b-9868-57a2d4851a1d" />
    <TestEntry testId="86c41ba9-3e98-5040-4238-1c1ecb0159d9" executionId="3b515b66-e1b9-4264-925f-35a8eba909d7" testListId="8c84fa94-04c1-424b-9868-57a2d4851a1d" />
    <TestEntry testId="1a21afc1-5196-ff87-ebf1-e8fb46b13695" executionId="7a173281-cd37-49ea-8e1b-1108dd8f98d5" testListId="8c84fa94-04c1-424b-9868-57a2d4851a1d" />
    <TestEntry testId="0f40a3b0-65ab-924b-f503-cad67db71c8b" executionId="79353125-9e3f-4ec6-9a9c-7e0079020be6" testListId="8c84fa94-04c1-424b-9868-57a2d4851a1d" />
    <TestEntry testId="790640e2-f264-96d2-4054-e9b96ad6c5e0" executionId="4aa2c203-9c91-4630-84a1-e2f0a17951c5" testListId="8c84fa94-04c1-424b-9868-57a2d4851a1d" />
    <TestEntry testId="5b680dbb-836e-6abd-76ca-496bc70eee65" executionId="6393a859-847e-4354-9f28-8a84276e2bc9" testListId="8c84fa94-04c1-424b-9868-57a2d4851a1d" />
    <TestEntry testId="bd96a726-d540-2a5f-2bfd-0575db8f15c9" executionId="3ae5f3c2-ccc4-4d80-ae85-45c4c54829cf" testListId="8c84fa94-04c1-424b-9868-57a2d4851a1d" />
    <TestEntry testId="6e7cd010-d82a-e454-81fb-2aa513f04674" executionId="62b9d620-9f8e-47a3-b2a2-1f9ae6eec46b" testListId="8c84fa94-04c1-424b-9868-57a2d4851a1d" />
    <TestEntry testId="f6512f54-5b03-da71-1644-0f2c5c6ff693" executionId="7e163dd3-7101-4404-b59c-70aa1d0581c6" testListId="8c84fa94-04c1-424b-9868-57a2d4851a1d" />
    <TestEntry testId="63af5839-9117-ff3c-435b-cacbf8d224ee" executionId="87a146f1-e57c-4c16-ba8b-b4fafe94749b" testListId="8c84fa94-04c1-424b-9868-57a2d4851a1d" />
    <TestEntry testId="8df68290-eaa6-1c7d-65b7-606537990b70" executionId="5c4e0704-dca9-469f-ae11-d97382603e86" testListId="8c84fa94-04c1-424b-9868-57a2d4851a1d" />
    <TestEntry testId="ce2fb550-62c2-9996-379d-2ad9d8c6f9a4" executionId="ab0a0289-2f3e-42e4-9058-106bc594b40b" testListId="8c84fa94-04c1-424b-9868-57a2d4851a1d" />
    <TestEntry testId="fa5d53e2-0ed0-04e9-72ff-e7e9f0ff0679" executionId="96ce2647-2878-4313-9f3f-039a43dcc1a8" testListId="8c84fa94-04c1-424b-9868-57a2d4851a1d" />
    <TestEntry testId="7ab6c2aa-a489-307c-a717-2f479d70845d" executionId="e9499955-c5da-4d9a-9d7f-94107c0288fa" testListId="8c84fa94-04c1-424b-9868-57a2d4851a1d" />
    <TestEntry testId="f7912e5b-934b-2cfc-3e6d-37302bb96035" executionId="ae53dbfc-3e60-40ec-846a-cfbcca5a9476" testListId="8c84fa94-04c1-424b-9868-57a2d4851a1d" />
    <TestEntry testId="7a22a28a-6109-cc9c-213d-f2b06b70642b" executionId="3118d4da-3149-451f-985a-865cccca56cf" testListId="8c84fa94-04c1-424b-9868-57a2d4851a1d" />
    <TestEntry testId="61f931f0-c9da-f3ae-57e3-3200a9c6089d" executionId="349271d8-ea0e-4e3f-b634-c8ba17dd3323" testListId="8c84fa94-04c1-424b-9868-57a2d4851a1d" />
    <TestEntry testId="8222a15c-377e-7507-eb66-2c0ab0127995" executionId="ccead1b7-bc60-4c4c-a8d0-3698ce7d7b48" testListId="8c84fa94-04c1-424b-9868-57a2d4851a1d" />
    <TestEntry testId="248e3b0b-012f-83c1-d260-d23ab0437982" executionId="9c31e48a-0acf-4ffa-bc9b-dc10465b5a2a" testListId="8c84fa94-04c1-424b-9868-57a2d4851a1d" />
    <TestEntry testId="2bd1a842-04a5-930d-2a23-38124912e759" executionId="0a1812b8-8609-4547-9a2d-464c4d96c77c" testListId="8c84fa94-04c1-424b-9868-57a2d4851a1d" />
    <TestEntry testId="a5d458e0-c90c-4413-d344-469817752706" executionId="a5c83e2c-f772-4972-a6a9-405c5b7c0c47" testListId="8c84fa94-04c1-424b-9868-57a2d4851a1d" />
    <TestEntry testId="e946a31d-2ab6-b6cf-a01b-184d3f6d59d5" executionId="62789004-f770-4e61-afaa-78c38df79dfb" testListId="8c84fa94-04c1-424b-9868-57a2d4851a1d" />
    <TestEntry testId="94d23bfb-7394-4068-f47e-8262e121777e" executionId="ba416fac-2dfb-4c84-a745-dfd2dad12360" testListId="8c84fa94-04c1-424b-9868-57a2d4851a1d" />
    <TestEntry testId="baadc0c4-87ac-0933-e32d-bc807b18fea3" executionId="cff250ae-052a-4240-a0e5-e3f428bab3f6" testListId="8c84fa94-04c1-424b-9868-57a2d4851a1d" />
    <TestEntry testId="2753c128-551c-b341-90de-876cfc88540c" executionId="87b4b2cb-a6fb-4832-8d47-d120093829ba" testListId="8c84fa94-04c1-424b-9868-57a2d4851a1d" />
    <TestEntry testId="c9bb0342-a462-afed-42c6-0b7764ff9036" executionId="7c4c2a59-7a98-419a-a2d5-8a1d2d80a337" testListId="8c84fa94-04c1-424b-9868-57a2d4851a1d" />
    <TestEntry testId="8d57cc79-2aae-8579-7623-77eedb493a39" executionId="883d4203-d670-4803-b250-f73ae8454dc5" testListId="8c84fa94-04c1-424b-9868-57a2d4851a1d" />
    <TestEntry testId="6394373a-9b26-3e6e-01d6-eb58ff45a745" executionId="92ceb27d-f934-4d66-aa5d-fca307795d1d" testListId="8c84fa94-04c1-424b-9868-57a2d4851a1d" />
    <TestEntry testId="da9c8eb7-99ac-5c61-ef72-f65c570cb6d5" executionId="fffc749e-5bc6-451f-9b01-ba16f1674c6c" testListId="8c84fa94-04c1-424b-9868-57a2d4851a1d" />
    <TestEntry testId="11110689-a65e-d59f-26ef-5bfc55045ddc" executionId="534b9481-5642-4e32-8345-dbfc0a2e69ed" testListId="8c84fa94-04c1-424b-9868-57a2d4851a1d" />
    <TestEntry testId="48da6daf-fee1-f540-385b-66a57feac08d" executionId="0b7dc1a3-c898-42b4-9d02-371afa7afb57" testListId="8c84fa94-04c1-424b-9868-57a2d4851a1d" />
    <TestEntry testId="0e372be4-eca4-e001-4456-dba3fad08bd2" executionId="31160745-e886-4a09-8b76-d76298e433d0" testListId="8c84fa94-04c1-424b-9868-57a2d4851a1d" />
    <TestEntry testId="bdd64f0d-082e-a7a5-192f-f0057863bbf8" executionId="985f2682-f0fc-457c-8f17-0e637b4ecb89" testListId="8c84fa94-04c1-424b-9868-57a2d4851a1d" />
    <TestEntry testId="fb787b00-fddd-fd66-206a-8f39ad76c8d6" executionId="e327ab7b-685e-44de-a5ee-f05986b9434a" testListId="8c84fa94-04c1-424b-9868-57a2d4851a1d" />
    <TestEntry testId="99dc2222-09bf-c930-9673-db296a3f8664" executionId="70d89bea-c54e-47f3-a460-1e9fd297820b" testListId="8c84fa94-04c1-424b-9868-57a2d4851a1d" />
    <TestEntry testId="282256d2-2b00-c604-045d-41ccc9868f5e" executionId="30f1c18c-77c2-4345-8bf5-8841f156192f" testListId="8c84fa94-04c1-424b-9868-57a2d4851a1d" />
    <TestEntry testId="1ab00d01-2306-4bd4-bfd6-fd9c5b1ed316" executionId="98236a7e-2f83-4d40-b1d1-e2344e7fd23a" testListId="8c84fa94-04c1-424b-9868-57a2d4851a1d" />
    <TestEntry testId="ca94a419-2a27-9e88-db49-68344a8261f5" executionId="cf510251-3007-466c-bffb-4bbd34b5c32e" testListId="8c84fa94-04c1-424b-9868-57a2d4851a1d" />
    <TestEntry testId="7c8861a7-8fca-b1d4-60b3-198a96287b09" executionId="7b9f267e-9f86-4a10-9e83-566f9265ab39" testListId="8c84fa94-04c1-424b-9868-57a2d4851a1d" />
    <TestEntry testId="dd7303a4-ebbf-77c9-792d-39b3d40f9e62" executionId="8dcec8e8-7ef4-4c53-83bc-fdf901ddea3c" testListId="8c84fa94-04c1-424b-9868-57a2d4851a1d" />
    <TestEntry testId="77aa9e76-d53e-25cb-1f23-55c3987a1234" executionId="95e7155d-fa74-4a29-b7b3-1386b1242cdb" testListId="8c84fa94-04c1-424b-9868-57a2d4851a1d" />
    <TestEntry testId="a4fb20c7-4a31-a793-a9e2-545167865d67" executionId="10dab07c-c23b-4977-83d8-45b2c921af99" testListId="8c84fa94-04c1-424b-9868-57a2d4851a1d" />
    <TestEntry testId="a9285e88-c1bc-dbb0-3ef5-0969187ec14d" executionId="ee4ca7fe-80f4-4570-8b0c-6baf800bcfea" testListId="8c84fa94-04c1-424b-9868-57a2d4851a1d" />
    <TestEntry testId="f53f6983-1a7b-735c-d72c-f21947dbb99e" executionId="f3a9750e-0015-4c54-bd66-e8321c2a5cb5" testListId="8c84fa94-04c1-424b-9868-57a2d4851a1d" />
    <TestEntry testId="51d8b7bc-6eaf-d72e-4c25-c068cb3ca08e" executionId="6ebcb256-c47d-460d-a670-9019055fc9ea" testListId="8c84fa94-04c1-424b-9868-57a2d4851a1d" />
    <TestEntry testId="de16dfe3-f75b-90cb-53c2-e0080beb4c12" executionId="2e8162f9-90b0-4f46-9ac9-bffc421b6ebb" testListId="8c84fa94-04c1-424b-9868-57a2d4851a1d" />
    <TestEntry testId="86c6754d-006c-9768-3aa2-fdbe21cc3c36" executionId="e0f51f4d-a5ef-48c6-b6fb-0f93012883de" testListId="8c84fa94-04c1-424b-9868-57a2d4851a1d" />
    <TestEntry testId="303aaaa3-a7ae-30b2-2473-65f7d22f1d7e" executionId="a0d45706-4bb6-4662-bbc5-4756b051d24a" testListId="8c84fa94-04c1-424b-9868-57a2d4851a1d" />
    <TestEntry testId="fc200208-871b-b5f6-3178-2a9e5fce4116" executionId="11c5e328-b517-4859-adc8-2ccaf56fdc75" testListId="8c84fa94-04c1-424b-9868-57a2d4851a1d" />
    <TestEntry testId="d74dcaff-5c21-2ec1-116c-8a156c503495" executionId="1d9056e4-c4ca-4528-bbd0-0f172b402302" testListId="8c84fa94-04c1-424b-9868-57a2d4851a1d" />
    <TestEntry testId="e07d04d1-372e-5553-b93f-f712afb02b0e" executionId="6c4b7f60-79d5-423c-85cd-c62254766a31" testListId="8c84fa94-04c1-424b-9868-57a2d4851a1d" />
    <TestEntry testId="9b91f781-bc6e-afcc-6a71-5274fcc0b9fd" executionId="bf1f33c7-4351-464c-a336-1f3cfbef4102" testListId="8c84fa94-04c1-424b-9868-57a2d4851a1d" />
    <TestEntry testId="b889a3fd-3524-8c70-b901-da5905decdd5" executionId="0dfed895-a02c-4da0-834f-a009d295bbac" testListId="8c84fa94-04c1-424b-9868-57a2d4851a1d" />
    <TestEntry testId="b7f97835-e832-c68d-3da8-37360c55d6bd" executionId="44db29b3-5d9a-453b-afd2-7e8db7245abc" testListId="8c84fa94-04c1-424b-9868-57a2d4851a1d" />
    <TestEntry testId="c8334a57-7d71-1af6-5bb1-f61ad76a7401" executionId="b007f804-9515-41e9-a962-10ae77517050" testListId="8c84fa94-04c1-424b-9868-57a2d4851a1d" />
    <TestEntry testId="db5c7ea7-4593-48c6-fdde-3179cd7ebc37" executionId="5addaab5-7eb3-4879-93f6-4f3264a3b752" testListId="8c84fa94-04c1-424b-9868-57a2d4851a1d" />
    <TestEntry testId="dbc38ad2-3526-826b-a66c-aab9b7da7c9e" executionId="61a51801-b8e3-4465-99c8-482d7518b8df" testListId="8c84fa94-04c1-424b-9868-57a2d4851a1d" />
    <TestEntry testId="d5d205fc-37fe-b23e-292f-b9453bd3b51b" executionId="65f5b2a0-c8b4-4a2d-8ac5-ac5920bd84f7" testListId="8c84fa94-04c1-424b-9868-57a2d4851a1d" />
    <TestEntry testId="89a64fa0-8708-0732-2c46-1c7659a0d60f" executionId="e5c6b934-b0c0-40b3-a24e-df98771f28d4" testListId="8c84fa94-04c1-424b-9868-57a2d4851a1d" />
    <TestEntry testId="027760f8-b435-7e12-465b-e668a6274c94" executionId="e35ee7a2-5739-45e7-969a-9bcf25f96ffe" testListId="8c84fa94-04c1-424b-9868-57a2d4851a1d" />
    <TestEntry testId="108592ea-cbd5-c8b5-9c53-8ed05205b08b" executionId="4eacf5e7-c0dc-4be7-8eef-c5a46c44d521" testListId="8c84fa94-04c1-424b-9868-57a2d4851a1d" />
    <TestEntry testId="f3c313dc-e49e-eb37-0bb0-3c2f1956bd93" executionId="ae8389de-270c-4789-8bc8-bc797e1755eb" testListId="8c84fa94-04c1-424b-9868-57a2d4851a1d" />
    <TestEntry testId="f3b85395-91d3-fb45-44ff-8d82d92e3850" executionId="95c0c0c4-4f40-4333-b090-12cd8fd86f08" testListId="8c84fa94-04c1-424b-9868-57a2d4851a1d" />
    <TestEntry testId="84688de4-2756-2704-9f16-7ff147c97956" executionId="b4030a28-900d-4723-a8f0-c49c7454ebb8" testListId="8c84fa94-04c1-424b-9868-57a2d4851a1d" />
    <TestEntry testId="b1366b9b-9fe9-d007-81f9-f20058dd0f98" executionId="043e2e70-dff6-4876-aec5-082fd74c6083" testListId="8c84fa94-04c1-424b-9868-57a2d4851a1d" />
  </TestEntries>
  <TestLists>
    <TestList name="Results Not in a List" id="8c84fa94-04c1-424b-9868-57a2d4851a1d" />
    <TestList name="All Loaded Results" id="19431567-8539-422a-85d7-44ee4e166bda" />
  </TestLists>
  <ResultSummary outcome="Completed">
    <Counters total="411" executed="411" passed="411" failed="0" error="0" timeout="0" aborted="0" inconclusive="0" passedButRunAborted="0" notRunnable="0" notExecuted="0" disconnected="0" warning="0" completed="0" inProgress="0" pending="0" />
    <Output>
      <StdOut>[xUnit.net 00:00:00.00] xUnit.net VSTest Adapter v2.8.2+699d445a1a (64-bit .NET 9.0.4)
[xUnit.net 00:00:00.08]   Discovering: UnitTestsBiblioMate
[xUnit.net 00:00:00.16]   Discovered:  UnitTestsBiblioMate
[xUnit.net 00:00:00.16]   Starting:    UnitTestsBiblioMate
[xUnit.net 00:00:02.58]   Finished:    UnitTestsBiblioMate
</StdOut>
    </Output>
    <CollectorDataEntries>
      <Collector agentName="0fc890f1414e" uri="datacollector://microsoft/CoverletCodeCoverage/1.0" collectorDisplayName="XPlat code coverage">
        <UriAttachments>
          <UriAttachment>
            <A href="0fc890f1414e/coverage.cobertura.xml"></A>
          </UriAttachment>
        </UriAttachments>
      </Collector>
    </CollectorDataEntries>
  </ResultSummary>
</TestRun>